Log file open, 06/07/23 15:01:46
LogWindows: Failed to load 'aqProf.dll' (GetLastError=126)
LogWindows: File 'aqProf.dll' does not exist
LogWindows: Failed to load 'VtuneApi.dll' (GetLastError=126)
LogWindows: File 'VtuneApi.dll' does not exist
LogWindows: Failed to load 'VtuneApi32e.dll' (GetLastError=126)
LogWindows: File 'VtuneApi32e.dll' does not exist
LogConsoleResponse: Display: Failed to find resolution value strings in scalability ini. Falling back to default.
LogConsoleResponse: Display: Failed to find resolution value strings in scalability ini. Falling back to default.
LogInit: Display: Running engine for game: SummerGJ2023
LogPlatformFile: Not using cached read wrapper
LogTaskGraph: Started task graph with 5 named threads and 47 total threads with 3 sets of task threads.
LogStats: Stats thread started at 0.257241
LogICUInternationalization: ICU TimeZone Detection - Raw Offset: +9:00, Platform Override: ''
LogInit: Display: Loading text-based GConfig....
LogPluginManager: Mounting plugin MeshPainting
LogPluginManager: Mounting plugin XGEController
LogPluginManager: Mounting plugin Paper2D
LogPluginManager: Mounting plugin AISupport
LogPluginManager: Mounting plugin EnvironmentQueryEditor
LogPluginManager: Mounting plugin LiveLink
LogPluginManager: Mounting plugin GameplayCameras
LogPluginManager: Mounting plugin LightPropagationVolume
LogPluginManager: Mounting plugin CameraShakePreviewer
LogPluginManager: Mounting plugin OodleData
LogPluginManager: Mounting plugin OodleNetwork
LogPluginManager: Mounting plugin AnimationSharing
LogPluginManager: Mounting plugin CodeLiteSourceCodeAccess
LogPluginManager: Mounting plugin CLionSourceCodeAccess
LogPluginManager: Mounting plugin KDevelopSourceCodeAccess
LogPluginManager: Mounting plugin NullSourceCodeAccess
LogPluginManager: Mounting plugin GitSourceControl
LogPluginManager: Mounting plugin PerforceSourceControl
LogPluginManager: Mounting plugin PlasticSourceControl
LogPluginManager: Mounting plugin PluginUtils
LogPluginManager: Mounting plugin PropertyAccessNode
LogPluginManager: Mounting plugin RiderSourceCodeAccess
LogPluginManager: Mounting plugin PixWinPlugin
LogPluginManager: Mounting plugin UObjectPlugin
LogPluginManager: Mounting plugin VisualStudioCodeSourceCodeAccess
LogPluginManager: Mounting plugin XCodeSourceCodeAccess
LogPluginManager: Mounting plugin SubversionSourceControl
LogPluginManager: Mounting plugin VisualStudioSourceCodeAccess
LogPluginManager: Mounting plugin AssetManagerEditor
LogPluginManager: Mounting plugin DataValidation
LogPluginManager: Mounting plugin CurveEditorTools
LogPluginManager: Mounting plugin GameplayTagsEditor
LogPluginManager: Mounting plugin TextureFormatOodle
LogPluginManager: Mounting plugin FacialAnimation
LogPluginManager: Mounting plugin MaterialAnalyzer
LogPluginManager: Mounting plugin GeometryMode
LogPluginManager: Mounting plugin MacGraphicsSwitching
LogPluginManager: Mounting plugin MobileLauncherProfileWizard
LogPluginManager: Mounting plugin PluginBrowser
LogPluginManager: Mounting plugin CryptoKeys
LogPluginManager: Mounting plugin SpeedTreeImporter
LogPluginManager: Mounting plugin AutomationUtils
LogPluginManager: Mounting plugin BackChannel
LogPluginManager: Mounting plugin ChaosClothEditor
LogPluginManager: Mounting plugin AlembicImporter
LogPluginManager: Mounting plugin ChaosEditor
LogPluginManager: Mounting plugin ChaosNiagara
LogPluginManager: Mounting plugin CharacterAI
LogPluginManager: Mounting plugin ChaosCloth
LogPluginManager: Mounting plugin ChaosSolverPlugin
LogPluginManager: Mounting plugin FieldSystemPlugin
LogPluginManager: Mounting plugin GeometryCollectionPlugin
LogPluginManager: Mounting plugin GeometryCache
LogPluginManager: Mounting plugin GeometryProcessing
LogPluginManager: Mounting plugin MotoSynth
LogPluginManager: Mounting plugin OpenImageDenoise
LogPluginManager: Mounting plugin PlanarCut
LogPluginManager: Mounting plugin PlatformCrypto
LogPluginManager: Mounting plugin ProxyLODPlugin
LogPluginManager: Mounting plugin PythonScriptPlugin
LogPluginManager: Mounting plugin DatasmithContent
LogPluginManager: Mounting plugin VariantManagerContent
LogPluginManager: Mounting plugin SkeletalReduction
LogPluginManager: Mounting plugin LuminPlatformFeatures
LogPluginManager: Mounting plugin MagicLeap
LogPluginManager: Mounting plugin MagicLeapMedia
LogPluginManager: Mounting plugin MagicLeapPassableWorld
LogPluginManager: Mounting plugin MagicLeapLightEstimation
LogPluginManager: Mounting plugin MLSDK
LogPluginManager: Mounting plugin UdpMessaging
LogPluginManager: Mounting plugin TcpMessaging
LogPluginManager: Mounting plugin MatineeToLevelSequence
LogPluginManager: Mounting plugin ActorSequence
LogPluginManager: Mounting plugin LevelSequenceEditor
LogPluginManager: Mounting plugin TemplateSequence
LogPluginManager: Mounting plugin OnlineSubsystem
LogPluginManager: Mounting plugin OnlineSubsystemNull
LogPluginManager: Mounting plugin OnlineSubsystemUtils
LogPluginManager: Mounting plugin AndroidMedia
LogPluginManager: Mounting plugin AvfMedia
LogPluginManager: Mounting plugin ImgMedia
LogPluginManager: Mounting plugin MediaCompositing
LogPluginManager: Mounting plugin LauncherChunkInstaller
LogPluginManager: Mounting plugin MediaPlayerEditor
LogPluginManager: Mounting plugin WebMMedia
LogPluginManager: Mounting plugin WmfMedia
LogPluginManager: Mounting plugin ActorLayerUtilities
LogPluginManager: Mounting plugin AndroidDeviceProfileSelector
LogPluginManager: Mounting plugin AndroidPermission
LogPluginManager: Mounting plugin AndroidMoviePlayer
LogPluginManager: Mounting plugin ApexDestruction
LogPluginManager: Mounting plugin AppleImageUtils
LogPluginManager: Mounting plugin AppleMoviePlayer
LogPluginManager: Mounting plugin ArchVisCharacter
LogPluginManager: Mounting plugin AudioCapture
LogPluginManager: Mounting plugin AssetTags
LogPluginManager: Mounting plugin AudioSynesthesia
LogPluginManager: Mounting plugin ChunkDownloader
LogPluginManager: Mounting plugin CableComponent
LogPluginManager: Mounting plugin CustomMeshComponent
LogPluginManager: Mounting plugin ExampleDeviceProfileSelector
LogPluginManager: Mounting plugin EditableMesh
LogPluginManager: Mounting plugin GooglePAD
LogPluginManager: Mounting plugin GoogleCloudMessaging
LogPluginManager: Mounting plugin IOSDeviceProfileSelector
LogPluginManager: Mounting plugin LinuxDeviceProfileSelector
LogPluginManager: Mounting plugin LocationServicesBPLibrary
LogPluginManager: Mounting plugin Takes
LogPluginManager: Mounting plugin MobilePatchingUtils
LogPluginManager: Mounting plugin ScreenshotTools
LogPluginManager: Mounting plugin OpenXR
LogPluginManager: Mounting plugin OpenXRHandTracking
LogPluginManager: Mounting plugin OpenXREyeTracker
LogPluginManager: Mounting plugin PostSplashScreen
LogPluginManager: Mounting plugin PropertyAccessEditor
LogPluginManager: Mounting plugin PhysXVehicles
LogPluginManager: Mounting plugin ProceduralMeshComponent
LogPluginManager: Mounting plugin RuntimePhysXCooking
LogPluginManager: Mounting plugin SignificanceManager
LogPluginManager: Mounting plugin SoundFields
LogPluginManager: Mounting plugin Synthesis
LogPluginManager: Mounting plugin WebMMoviePlayer
LogPluginManager: Mounting plugin WindowsMoviePlayer
LogPluginManager: Mounting plugin Niagara
LogPluginManager: Mounting plugin ContentBrowserClassDataSource
LogPluginManager: Mounting plugin ContentBrowserAssetDataSource
LogPluginManager: Mounting plugin ContentBrowserFileDataSource
LogPluginManager: Mounting plugin OnlineSubsystemGooglePlay
LogPluginManager: Mounting plugin OnlineSubsystemIOS
LogPluginManager: Mounting plugin OculusVR
LogPluginManager: Mounting plugin SteamVR
PixWinPlugin: PIX capture plugin failed to initialize! Check that the process is launched from PIX.
LogInit: Using libcurl 7.55.1-DEV
LogInit:  - built for x86_64-pc-win32
LogInit:  - supports SSL with OpenSSL/1.1.1
LogInit:  - supports HTTP deflate (compression) using libz 1.2.8
LogInit:  - other features:
LogInit:      CURL_VERSION_SSL
LogInit:      CURL_VERSION_LIBZ
LogInit:      CURL_VERSION_IPV6
LogInit:      CURL_VERSION_ASYNCHDNS
LogInit:      CURL_VERSION_LARGEFILE
LogInit:      CURL_VERSION_IDN
LogInit:  CurlRequestOptions (configurable via config and command line):
LogInit:  - bVerifyPeer = true  - Libcurl will verify peer certificate
LogInit:  - bUseHttpProxy = false  - Libcurl will NOT use HTTP proxy
LogInit:  - bDontReuseConnections = false  - Libcurl will reuse connections
LogInit:  - MaxHostConnections = 16  - Libcurl will limit the number of connections to a host
LogInit:  - LocalHostAddr = Default
LogInit:  - BufferSize = 65536
LogOnline: OSS: Creating online subsystem instance for: NULL
LogInit: WinSock: version 1.1 (2.2), MaxSocks=32767, MaxUdp=65467
LogOnline: OSS: TryLoadSubsystemAndSetDefault: Loaded subsystem for module [NULL]
LogOculusPluginWrapper: OculusPlugin initialized successfully
LogHMD: Failed initializing OVRPlugin 1.59.0
LogInit: Build: ++UE4+Release-4.27-CL-18319896
LogInit: Engine Version: 4.27.2-18319896+++UE4+Release-4.27
LogInit: Compatible Engine Version: 4.27.0-17155196+++UE4+Release-4.27
LogInit: Net CL: 17155196
LogInit: OS: Windows 10 (Release 2009) (), CPU: 11th Gen Intel(R) Core(TM) i7-11800H @ 2.30GHz, GPU: Intel(R) UHD Graphics
LogInit: Compiled (64-bit): Nov 30 2021 07:12:08
LogInit: Compiled with Visual C++: 19.24.28315.00
LogInit: Build Configuration: Development
LogInit: Branch Name: ++UE4+Release-4.27
LogInit: Command Line: 
LogInit: Base Directory: C:/Program Files/Epic Games/UE_4.27/Engine/Binaries/Win64/
LogInit: Allocator: TBB
LogInit: Installed Engine Build: 1
LogDevObjectVersion: Number of dev versions registered: 29
LogDevObjectVersion:   Dev-Blueprints (B0D832E4-1F89-4F0D-ACCF-7EB736FD4AA2): 10
LogDevObjectVersion:   Dev-Build (E1C64328-A22C-4D53-A36C-8E866417BD8C): 0
LogDevObjectVersion:   Dev-Core (375EC13C-06E4-48FB-B500-84F0262A717E): 4
LogDevObjectVersion:   Dev-Editor (E4B068ED-F494-42E9-A231-DA0B2E46BB41): 40
LogDevObjectVersion:   Dev-Framework (CFFC743F-43B0-4480-9391-14DF171D2073): 37
LogDevObjectVersion:   Dev-Mobile (B02B49B5-BB20-44E9-A304-32B752E40360): 3
LogDevObjectVersion:   Dev-Networking (A4E4105C-59A1-49B5-A7C5-40C4547EDFEE): 0
LogDevObjectVersion:   Dev-Online (39C831C9-5AE6-47DC-9A44-9C173E1C8E7C): 0
LogDevObjectVersion:   Dev-Physics (78F01B33-EBEA-4F98-B9B4-84EACCB95AA2): 14
LogDevObjectVersion:   Dev-Platform (6631380F-2D4D-43E0-8009-CF276956A95A): 0
LogDevObjectVersion:   Dev-Rendering (12F88B9F-8875-4AFC-A67C-D90C383ABD29): 45
LogDevObjectVersion:   Dev-Sequencer (7B5AE74C-D270-4C10-A958-57980B212A5A): 13
LogDevObjectVersion:   Dev-VR (D7296918-1DD6-4BDD-9DE2-64A83CC13884): 3
LogDevObjectVersion:   Dev-LoadTimes (C2A15278-BFE7-4AFE-6C17-90FF531DF755): 1
LogDevObjectVersion:   Private-Geometry (6EACA3D4-40EC-4CC1-B786-8BED09428FC5): 3
LogDevObjectVersion:   Dev-AnimPhys (29E575DD-E0A3-4627-9D10-D276232CDCEA): 17
LogDevObjectVersion:   Dev-Anim (AF43A65D-7FD3-4947-9873-3E8ED9C1BB05): 15
LogDevObjectVersion:   Dev-ReflectionCapture (6B266CEC-1EC7-4B8F-A30B-E4D90942FC07): 1
LogDevObjectVersion:   Dev-Automation (0DF73D61-A23F-47EA-B727-89E90C41499A): 1
LogDevObjectVersion:   FortniteMain (601D1886-AC64-4F84-AA16-D3DE0DEAC7D6): 47
LogDevObjectVersion:   FortniteRelease (E7086368-6B23-4C58-8439-1B7016265E91): 1
LogDevObjectVersion:   Dev-Enterprise (9DFFBCD6-494F-0158-E221-12823C92A888): 10
LogDevObjectVersion:   Dev-Niagara (F2AED0AC-9AFE-416F-8664-AA7FFA26D6FC): 1
LogDevObjectVersion:   Dev-Destruction (174F1F0B-B4C6-45A5-B13F-2EE8D0FB917D): 10
LogDevObjectVersion:   Dev-Physics-Ext (35F94A83-E258-406C-A318-09F59610247C): 41
LogDevObjectVersion:   Dev-PhysicsMaterial-Chaos (B68FC16E-8B1B-42E2-B453-215C058844FE): 1
LogDevObjectVersion:   Dev-CineCamera (B2E18506-4273-CFC2-A54E-F4BB758BBA07): 1
LogDevObjectVersion:   Dev-VirtualProduction (64F58936-FD1B-42BA-BA96-7289D5D0FA4E): 1
LogDevObjectVersion:   Dev-MediaFramework (6F0ED827-A609-4895-9C91-998D90180EA4): 2
LogInit: Presizing for max 25165824 objects, including 0 objects not considered by GC, pre-allocating 0 bytes for permanent pool.
LogConfig: Applying CVar settings from Section [/Script/Engine.StreamingSettings] File [C:/Users/kbc12206150/Documents/GitHub/Ateam_2023/SummerGJ2023/Saved/Config/Windows/Engine.ini]
LogConfig: Setting CVar [[s.MinBulkDataSizeForAsyncLoading:131072]]
LogConfig: Setting CVar [[s.AsyncLoadingThreadEnabled:0]]
LogConfig: Setting CVar [[s.EventDrivenLoaderEnabled:1]]
LogConfig: Setting CVar [[s.WarnIfTimeLimitExceeded:0]]
LogConfig: Setting CVar [[s.TimeLimitExceededMultiplier:1.5]]
LogConfig: Setting CVar [[s.TimeLimitExceededMinTime:0.005]]
LogConfig: Setting CVar [[s.UseBackgroundLevelStreaming:1]]
LogConfig: Setting CVar [[s.PriorityAsyncLoadingExtraTime:15.0]]
LogConfig: Setting CVar [[s.LevelStreamingActorsUpdateTimeLimit:5.0]]
LogConfig: Setting CVar [[s.PriorityLevelStreamingActorsUpdateExtraTime:5.0]]
LogConfig: Setting CVar [[s.LevelStreamingComponentsRegistrationGranularity:10]]
LogConfig: Setting CVar [[s.UnregisterComponentsTimeLimit:1.0]]
LogConfig: Setting CVar [[s.LevelStreamingComponentsUnregistrationGranularity:5]]
LogConfig: Setting CVar [[s.FlushStreamingOnExit:1]]
LogInit: Object subsystem initialized
LogConfig: Setting CVar [[con.DebugEarlyDefault:1]]
LogConfig: Setting CVar [[r.setres:1280x720]]
[2023.06.07-06.01.46:556][  0]LogConfig: Setting CVar [[r.VSync:0]]
[2023.06.07-06.01.46:556][  0]LogConfig: Setting CVar [[r.RHICmdBypass:0]]
[2023.06.07-06.01.46:556][  0]LogConfig: Applying CVar settings from Section [/Script/Engine.RendererSettings] File [C:/Users/kbc12206150/Documents/GitHub/Ateam_2023/SummerGJ2023/Saved/Config/Windows/Engine.ini]
[2023.06.07-06.01.46:556][  0]LogConfig: Setting CVar [[r.GPUCrashDebugging:0]]
[2023.06.07-06.01.46:556][  0]LogConfig: Applying CVar settings from Section [/Script/Engine.RendererOverrideSettings] File [C:/Users/kbc12206150/Documents/GitHub/Ateam_2023/SummerGJ2023/Saved/Config/Windows/Engine.ini]
[2023.06.07-06.01.46:556][  0]LogConfig: Applying CVar settings from Section [/Script/Engine.StreamingSettings] File [C:/Users/kbc12206150/Documents/GitHub/Ateam_2023/SummerGJ2023/Saved/Config/Windows/Engine.ini]
[2023.06.07-06.01.46:556][  0]LogConfig: Setting CVar [[s.MinBulkDataSizeForAsyncLoading:131072]]
[2023.06.07-06.01.46:556][  0]LogConfig: Setting CVar [[s.AsyncLoadingThreadEnabled:0]]
[2023.06.07-06.01.46:556][  0]LogConfig: Setting CVar [[s.EventDrivenLoaderEnabled:1]]
[2023.06.07-06.01.46:556][  0]LogConfig: Setting CVar [[s.WarnIfTimeLimitExceeded:0]]
[2023.06.07-06.01.46:556][  0]LogConfig: Setting CVar [[s.TimeLimitExceededMultiplier:1.5]]
[2023.06.07-06.01.46:556][  0]LogConfig: Setting CVar [[s.TimeLimitExceededMinTime:0.005]]
[2023.06.07-06.01.46:556][  0]LogConfig: Setting CVar [[s.UseBackgroundLevelStreaming:1]]
[2023.06.07-06.01.46:556][  0]LogConfig: Setting CVar [[s.PriorityAsyncLoadingExtraTime:15.0]]
[2023.06.07-06.01.46:556][  0]LogConfig: Setting CVar [[s.LevelStreamingActorsUpdateTimeLimit:5.0]]
[2023.06.07-06.01.46:556][  0]LogConfig: Setting CVar [[s.PriorityLevelStreamingActorsUpdateExtraTime:5.0]]
[2023.06.07-06.01.46:556][  0]LogConfig: Setting CVar [[s.LevelStreamingComponentsRegistrationGranularity:10]]
[2023.06.07-06.01.46:556][  0]LogConfig: Setting CVar [[s.UnregisterComponentsTimeLimit:1.0]]
[2023.06.07-06.01.46:556][  0]LogConfig: Setting CVar [[s.LevelStreamingComponentsUnregistrationGranularity:5]]
[2023.06.07-06.01.46:556][  0]LogConfig: Setting CVar [[s.FlushStreamingOnExit:1]]
[2023.06.07-06.01.46:556][  0]LogConfig: Applying CVar settings from Section [/Script/Engine.GarbageCollectionSettings] File [C:/Users/kbc12206150/Documents/GitHub/Ateam_2023/SummerGJ2023/Saved/Config/Windows/Engine.ini]
[2023.06.07-06.01.46:556][  0]LogConfig: Setting CVar [[gc.MaxObjectsNotConsideredByGC:1]]
[2023.06.07-06.01.46:556][  0]LogConfig: Setting CVar [[gc.SizeOfPermanentObjectPool:0]]
[2023.06.07-06.01.46:556][  0]LogConfig: Setting CVar [[gc.FlushStreamingOnGC:0]]
[2023.06.07-06.01.46:556][  0]LogConfig: Setting CVar [[gc.NumRetriesBeforeForcingGC:10]]
[2023.06.07-06.01.46:556][  0]LogConfig: Setting CVar [[gc.AllowParallelGC:1]]
[2023.06.07-06.01.46:556][  0]LogConfig: Setting CVar [[gc.TimeBetweenPurgingPendingKillObjects:61.1]]
[2023.06.07-06.01.46:556][  0]LogConfig: Setting CVar [[gc.MaxObjectsInEditor:25165824]]
[2023.06.07-06.01.46:556][  0]LogConfig: Setting CVar [[gc.IncrementalBeginDestroyEnabled:1]]
[2023.06.07-06.01.46:556][  0]LogConfig: Setting CVar [[gc.CreateGCClusters:1]]
[2023.06.07-06.01.46:556][  0]LogConfig: Setting CVar [[gc.MinGCClusterSize:5]]
[2023.06.07-06.01.46:556][  0]LogConfig: Setting CVar [[gc.ActorClusteringEnabled:0]]
[2023.06.07-06.01.46:556][  0]LogConfig: Setting CVar [[gc.BlueprintClusteringEnabled:0]]
[2023.06.07-06.01.46:556][  0]LogConfig: Setting CVar [[gc.UseDisregardForGCOnDedicatedServers:0]]
[2023.06.07-06.01.46:556][  0]LogConfig: Setting CVar [[gc.MultithreadedDestructionEnabled:1]]
[2023.06.07-06.01.46:556][  0]LogConfig: Applying CVar settings from Section [/Script/Engine.NetworkSettings] File [C:/Users/kbc12206150/Documents/GitHub/Ateam_2023/SummerGJ2023/Saved/Config/Windows/Engine.ini]
[2023.06.07-06.01.46:556][  0]LogConfig: Applying CVar settings from Section [/Script/UnrealEd.CookerSettings] File [C:/Users/kbc12206150/Documents/GitHub/Ateam_2023/SummerGJ2023/Saved/Config/Windows/Engine.ini]
[2023.06.07-06.01.46:565][  0]LogConfig: Applying CVar settings from Section [ViewDistanceQuality@3] File [C:/Users/kbc12206150/Documents/GitHub/Ateam_2023/SummerGJ2023/Saved/Config/Windows/Scalability.ini]
[2023.06.07-06.01.46:565][  0]LogConfig: Setting CVar [[r.SkeletalMeshLODBias:0]]
[2023.06.07-06.01.46:565][  0]LogConfig: Setting CVar [[r.ViewDistanceScale:1.0]]
[2023.06.07-06.01.46:565][  0]LogConfig: Applying CVar settings from Section [AntiAliasingQuality@3] File [C:/Users/kbc12206150/Documents/GitHub/Ateam_2023/SummerGJ2023/Saved/Config/Windows/Scalability.ini]
[2023.06.07-06.01.46:565][  0]LogConfig: Setting CVar [[r.PostProcessAAQuality:4]]
[2023.06.07-06.01.46:565][  0]LogConfig: Applying CVar settings from Section [ShadowQuality@3] File [C:/Users/kbc12206150/Documents/GitHub/Ateam_2023/SummerGJ2023/Saved/Config/Windows/Scalability.ini]
[2023.06.07-06.01.46:565][  0]LogConfig: Setting CVar [[r.LightFunctionQuality:1]]
[2023.06.07-06.01.46:565][  0]LogConfig: Setting CVar [[r.ShadowQuality:5]]
[2023.06.07-06.01.46:565][  0]LogConfig: Setting CVar [[r.Shadow.CSM.MaxCascades:10]]
[2023.06.07-06.01.46:565][  0]LogConfig: Setting CVar [[r.Shadow.MaxResolution:2048]]
[2023.06.07-06.01.46:565][  0]LogConfig: Setting CVar [[r.Shadow.MaxCSMResolution:2048]]
[2023.06.07-06.01.46:565][  0]LogConfig: Setting CVar [[r.Shadow.RadiusThreshold:0.01]]
[2023.06.07-06.01.46:565][  0]LogConfig: Setting CVar [[r.Shadow.DistanceScale:1.0]]
[2023.06.07-06.01.46:565][  0]LogConfig: Setting CVar [[r.Shadow.CSM.TransitionScale:1.0]]
[2023.06.07-06.01.46:565][  0]LogConfig: Setting CVar [[r.Shadow.PreShadowResolutionFactor:1.0]]
[2023.06.07-06.01.46:565][  0]LogConfig: Setting CVar [[r.DistanceFieldShadowing:1]]
[2023.06.07-06.01.46:565][  0]LogConfig: Setting CVar [[r.DistanceFieldAO:1]]
[2023.06.07-06.01.46:565][  0]LogConfig: Setting CVar [[r.AOQuality:2]]
[2023.06.07-06.01.46:565][  0]LogConfig: Setting CVar [[r.VolumetricFog:1]]
[2023.06.07-06.01.46:565][  0]LogConfig: Setting CVar [[r.VolumetricFog.GridPixelSize:8]]
[2023.06.07-06.01.46:565][  0]LogConfig: Setting CVar [[r.VolumetricFog.GridSizeZ:128]]
[2023.06.07-06.01.46:565][  0]LogConfig: Setting CVar [[r.VolumetricFog.HistoryMissSupersampleCount:4]]
[2023.06.07-06.01.46:565][  0]LogConfig: Setting CVar [[r.LightMaxDrawDistanceScale:1]]
[2023.06.07-06.01.46:565][  0]LogConfig: Setting CVar [[r.CapsuleShadows:1]]
[2023.06.07-06.01.46:565][  0]LogConfig: Applying CVar settings from Section [PostProcessQuality@3] File [C:/Users/kbc12206150/Documents/GitHub/Ateam_2023/SummerGJ2023/Saved/Config/Windows/Scalability.ini]
[2023.06.07-06.01.46:565][  0]LogConfig: Setting CVar [[r.MotionBlurQuality:4]]
[2023.06.07-06.01.46:565][  0]LogConfig: Setting CVar [[r.AmbientOcclusionMipLevelFactor:0.4]]
[2023.06.07-06.01.46:566][  0]LogConfig: Setting CVar [[r.AmbientOcclusionMaxQuality:100]]
[2023.06.07-06.01.46:566][  0]LogConfig: Setting CVar [[r.AmbientOcclusionLevels:-1]]
[2023.06.07-06.01.46:566][  0]LogConfig: Setting CVar [[r.AmbientOcclusionRadiusScale:1.0]]
[2023.06.07-06.01.46:566][  0]LogConfig: Setting CVar [[r.DepthOfFieldQuality:2]]
[2023.06.07-06.01.46:566][  0]LogConfig: Setting CVar [[r.RenderTargetPoolMin:400]]
[2023.06.07-06.01.46:566][  0]LogConfig: Setting CVar [[r.LensFlareQuality:2]]
[2023.06.07-06.01.46:566][  0]LogConfig: Setting CVar [[r.SceneColorFringeQuality:1]]
[2023.06.07-06.01.46:566][  0]LogConfig: Setting CVar [[r.EyeAdaptationQuality:2]]
[2023.06.07-06.01.46:566][  0]LogConfig: Setting CVar [[r.BloomQuality:5]]
[2023.06.07-06.01.46:566][  0]LogConfig: Setting CVar [[r.FastBlurThreshold:100]]
[2023.06.07-06.01.46:566][  0]LogConfig: Setting CVar [[r.Upscale.Quality:3]]
[2023.06.07-06.01.46:566][  0]LogConfig: Setting CVar [[r.Tonemapper.GrainQuantization:1]]
[2023.06.07-06.01.46:566][  0]LogConfig: Setting CVar [[r.LightShaftQuality:1]]
[2023.06.07-06.01.46:566][  0]LogConfig: Setting CVar [[r.Filter.SizeScale:1]]
[2023.06.07-06.01.46:566][  0]LogConfig: Setting CVar [[r.Tonemapper.Quality:5]]
[2023.06.07-06.01.46:566][  0]LogConfig: Setting CVar [[r.DOF.Gather.AccumulatorQuality:1        ; higher gathering accumulator quality]]
[2023.06.07-06.01.46:566][  0]LogConfig: Setting CVar [[r.DOF.Gather.PostfilterMethod:1          ; Median3x3 postfilering method]]
[2023.06.07-06.01.46:566][  0]LogConfig: Setting CVar [[r.DOF.Gather.EnableBokehSettings:0       ; no bokeh simulation when gathering]]
[2023.06.07-06.01.46:566][  0]LogConfig: Setting CVar [[r.DOF.Gather.RingCount:4                 ; medium number of samples when gathering]]
[2023.06.07-06.01.46:566][  0]LogConfig: Setting CVar [[r.DOF.Scatter.ForegroundCompositing:1    ; additive foreground scattering]]
[2023.06.07-06.01.46:566][  0]LogConfig: Setting CVar [[r.DOF.Scatter.BackgroundCompositing:2    ; additive background scattering]]
[2023.06.07-06.01.46:566][  0]LogConfig: Setting CVar [[r.DOF.Scatter.EnableBokehSettings:1      ; bokeh simulation when scattering]]
[2023.06.07-06.01.46:566][  0]LogConfig: Setting CVar [[r.DOF.Scatter.MaxSpriteRatio:0.1         ; only a maximum of 10% of scattered bokeh]]
[2023.06.07-06.01.46:566][  0]LogConfig: Setting CVar [[r.DOF.Recombine.Quality:1                ; cheap slight out of focus]]
[2023.06.07-06.01.46:566][  0]LogConfig: Setting CVar [[r.DOF.Recombine.EnableBokehSettings:0    ; no bokeh simulation on slight out of focus]]
[2023.06.07-06.01.46:566][  0]LogConfig: Setting CVar [[r.DOF.TemporalAAQuality:1                ; more stable temporal accumulation]]
[2023.06.07-06.01.46:566][  0]LogConfig: Setting CVar [[r.DOF.Kernel.MaxForegroundRadius:0.025]]
[2023.06.07-06.01.46:566][  0]LogConfig: Setting CVar [[r.DOF.Kernel.MaxBackgroundRadius:0.025]]
[2023.06.07-06.01.46:566][  0]LogConfig: Applying CVar settings from Section [TextureQuality@3] File [C:/Users/kbc12206150/Documents/GitHub/Ateam_2023/SummerGJ2023/Saved/Config/Windows/Scalability.ini]
[2023.06.07-06.01.46:566][  0]LogConfig: Setting CVar [[r.Streaming.MipBias:0]]
[2023.06.07-06.01.46:566][  0]LogConfig: Setting CVar [[r.Streaming.AmortizeCPUToGPUCopy:0]]
[2023.06.07-06.01.46:566][  0]LogConfig: Setting CVar [[r.Streaming.MaxNumTexturesToStreamPerFrame:0]]
[2023.06.07-06.01.46:566][  0]LogConfig: Setting CVar [[r.Streaming.Boost:1]]
[2023.06.07-06.01.46:566][  0]LogConfig: Setting CVar [[r.MaxAnisotropy:8]]
[2023.06.07-06.01.46:566][  0]LogConfig: Setting CVar [[r.VT.MaxAnisotropy:8]]
[2023.06.07-06.01.46:566][  0]LogConfig: Setting CVar [[r.Streaming.LimitPoolSizeToVRAM:0]]
[2023.06.07-06.01.46:566][  0]LogConfig: Setting CVar [[r.Streaming.PoolSize:1000]]
[2023.06.07-06.01.46:566][  0]LogConfig: Setting CVar [[r.Streaming.MaxEffectiveScreenSize:0]]
[2023.06.07-06.01.46:566][  0]LogConfig: Applying CVar settings from Section [EffectsQuality@3] File [C:/Users/kbc12206150/Documents/GitHub/Ateam_2023/SummerGJ2023/Saved/Config/Windows/Scalability.ini]
[2023.06.07-06.01.46:566][  0]LogConfig: Setting CVar [[r.TranslucencyLightingVolumeDim:64]]
[2023.06.07-06.01.46:566][  0]LogConfig: Setting CVar [[r.RefractionQuality:2]]
[2023.06.07-06.01.46:566][  0]LogConfig: Setting CVar [[r.SSR.Quality:3]]
[2023.06.07-06.01.46:566][  0]LogConfig: Setting CVar [[r.SSR.HalfResSceneColor:0]]
[2023.06.07-06.01.46:566][  0]LogConfig: Setting CVar [[r.SceneColorFormat:4]]
[2023.06.07-06.01.46:566][  0]LogConfig: Setting CVar [[r.DetailMode:2]]
[2023.06.07-06.01.46:566][  0]LogConfig: Setting CVar [[r.TranslucencyVolumeBlur:1]]
[2023.06.07-06.01.46:566][  0]LogConfig: Setting CVar [[r.MaterialQualityLevel:1 ; High quality]]
[2023.06.07-06.01.46:566][  0]LogConfig: Setting CVar [[r.AnisotropicMaterials:1]]
[2023.06.07-06.01.46:566][  0]LogConfig: Setting CVar [[r.SSS.Scale:1]]
[2023.06.07-06.01.46:566][  0]LogConfig: Setting CVar [[r.SSS.SampleSet:2]]
[2023.06.07-06.01.46:566][  0]LogConfig: Setting CVar [[r.SSS.Quality:1]]
[2023.06.07-06.01.46:566][  0]LogConfig: Setting CVar [[r.SSS.HalfRes:0]]
[2023.06.07-06.01.46:566][  0]LogConfig: Setting CVar [[r.SSGI.Quality:3]]
[2023.06.07-06.01.46:566][  0]LogConfig: Setting CVar [[r.EmitterSpawnRateScale:1.0]]
[2023.06.07-06.01.46:566][  0]LogConfig: Setting CVar [[r.ParticleLightQuality:2]]
[2023.06.07-06.01.46:566][  0]LogConfig: Setting CVar [[r.SkyAtmosphere.AerialPerspectiveLUT.FastApplyOnOpaque:1 ; Always have FastSkyLUT 1 in this case to avoid wrong sky]]
[2023.06.07-06.01.46:566][  0]LogConfig: Setting CVar [[r.SkyAtmosphere.AerialPerspectiveLUT.SampleCountMaxPerSlice:4]]
[2023.06.07-06.01.46:566][  0]LogConfig: Setting CVar [[r.SkyAtmosphere.AerialPerspectiveLUT.DepthResolution:16.0]]
[2023.06.07-06.01.46:566][  0]LogConfig: Setting CVar [[r.SkyAtmosphere.FastSkyLUT:1]]
[2023.06.07-06.01.46:566][  0]LogConfig: Setting CVar [[r.SkyAtmosphere.FastSkyLUT.SampleCountMin:4.0]]
[2023.06.07-06.01.46:566][  0]LogConfig: Setting CVar [[r.SkyAtmosphere.FastSkyLUT.SampleCountMax:128.0]]
[2023.06.07-06.01.46:566][  0]LogConfig: Setting CVar [[r.SkyAtmosphere.SampleCountMin:4.0]]
[2023.06.07-06.01.46:566][  0]LogConfig: Setting CVar [[r.SkyAtmosphere.SampleCountMax:128.0]]
[2023.06.07-06.01.46:566][  0]LogConfig: Setting CVar [[r.SkyAtmosphere.TransmittanceLUT.UseSmallFormat:0]]
[2023.06.07-06.01.46:566][  0]LogConfig: Setting CVar [[r.SkyAtmosphere.TransmittanceLUT.SampleCount:10.0]]
[2023.06.07-06.01.46:566][  0]LogConfig: Setting CVar [[r.SkyAtmosphere.MultiScatteringLUT.SampleCount:15.0]]
[2023.06.07-06.01.46:566][  0]LogConfig: Setting CVar [[r.SkyLight.RealTimeReflectionCapture:1]]
[2023.06.07-06.01.46:566][  0]LogConfig: Applying CVar settings from Section [FoliageQuality@3] File [C:/Users/kbc12206150/Documents/GitHub/Ateam_2023/SummerGJ2023/Saved/Config/Windows/Scalability.ini]
[2023.06.07-06.01.46:566][  0]LogConfig: Setting CVar [[foliage.DensityScale:1.0]]
[2023.06.07-06.01.46:566][  0]LogConfig: Setting CVar [[grass.DensityScale:1.0]]
[2023.06.07-06.01.46:566][  0]LogConfig: Applying CVar settings from Section [ShadingQuality@3] File [C:/Users/kbc12206150/Documents/GitHub/Ateam_2023/SummerGJ2023/Saved/Config/Windows/Scalability.ini]
[2023.06.07-06.01.46:566][  0]LogConfig: Setting CVar [[r.HairStrands.SkyLighting.IntegrationType:2]]
[2023.06.07-06.01.46:566][  0]LogConfig: Setting CVar [[r.HairStrands.SkyAO.SampleCount:4]]
[2023.06.07-06.01.46:566][  0]LogConfig: Setting CVar [[r.HairStrands.Visibility.MSAA.SamplePerPixel:4]]
[2023.06.07-06.01.46:566][  0]LogInit: Selected Device Profile: [Windows]
[2023.06.07-06.01.46:566][  0]LogInit: Applying CVar settings loaded from the selected device profile: [Windows]
[2023.06.07-06.01.46:566][  0]LogHAL: Display: Platform has ~ 32 GB [34046345216 / 34359738368 / 32], which maps to Largest [LargestMinGB=32, LargerMinGB=12, DefaultMinGB=8, SmallerMinGB=6, SmallestMinGB=0)
[2023.06.07-06.01.46:566][  0]LogInit: Going up to parent DeviceProfile []
[2023.06.07-06.01.46:567][  0]LogConfig: Applying CVar settings from Section [ViewDistanceQuality@3] File [C:/Users/kbc12206150/Documents/GitHub/Ateam_2023/SummerGJ2023/Saved/Config/Windows/Scalability.ini]
[2023.06.07-06.01.46:567][  0]LogConfig: Setting CVar [[r.SkeletalMeshLODBias:0]]
[2023.06.07-06.01.46:567][  0]LogConfig: Setting CVar [[r.ViewDistanceScale:1.0]]
[2023.06.07-06.01.46:567][  0]LogConfig: Applying CVar settings from Section [AntiAliasingQuality@3] File [C:/Users/kbc12206150/Documents/GitHub/Ateam_2023/SummerGJ2023/Saved/Config/Windows/Scalability.ini]
[2023.06.07-06.01.46:567][  0]LogConfig: Setting CVar [[r.PostProcessAAQuality:4]]
[2023.06.07-06.01.46:567][  0]LogConfig: Applying CVar settings from Section [ShadowQuality@3] File [C:/Users/kbc12206150/Documents/GitHub/Ateam_2023/SummerGJ2023/Saved/Config/Windows/Scalability.ini]
[2023.06.07-06.01.46:567][  0]LogConfig: Setting CVar [[r.LightFunctionQuality:1]]
[2023.06.07-06.01.46:567][  0]LogConfig: Setting CVar [[r.ShadowQuality:5]]
[2023.06.07-06.01.46:567][  0]LogConfig: Setting CVar [[r.Shadow.CSM.MaxCascades:10]]
[2023.06.07-06.01.46:567][  0]LogConfig: Setting CVar [[r.Shadow.MaxResolution:2048]]
[2023.06.07-06.01.46:567][  0]LogConfig: Setting CVar [[r.Shadow.MaxCSMResolution:2048]]
[2023.06.07-06.01.46:567][  0]LogConfig: Setting CVar [[r.Shadow.RadiusThreshold:0.01]]
[2023.06.07-06.01.46:567][  0]LogConfig: Setting CVar [[r.Shadow.DistanceScale:1.0]]
[2023.06.07-06.01.46:567][  0]LogConfig: Setting CVar [[r.Shadow.CSM.TransitionScale:1.0]]
[2023.06.07-06.01.46:567][  0]LogConfig: Setting CVar [[r.Shadow.PreShadowResolutionFactor:1.0]]
[2023.06.07-06.01.46:567][  0]LogConfig: Setting CVar [[r.DistanceFieldShadowing:1]]
[2023.06.07-06.01.46:567][  0]LogConfig: Setting CVar [[r.DistanceFieldAO:1]]
[2023.06.07-06.01.46:567][  0]LogConfig: Setting CVar [[r.AOQuality:2]]
[2023.06.07-06.01.46:567][  0]LogConfig: Setting CVar [[r.VolumetricFog:1]]
[2023.06.07-06.01.46:567][  0]LogConfig: Setting CVar [[r.VolumetricFog.GridPixelSize:8]]
[2023.06.07-06.01.46:567][  0]LogConfig: Setting CVar [[r.VolumetricFog.GridSizeZ:128]]
[2023.06.07-06.01.46:567][  0]LogConfig: Setting CVar [[r.VolumetricFog.HistoryMissSupersampleCount:4]]
[2023.06.07-06.01.46:567][  0]LogConfig: Setting CVar [[r.LightMaxDrawDistanceScale:1]]
[2023.06.07-06.01.46:567][  0]LogConfig: Setting CVar [[r.CapsuleShadows:1]]
[2023.06.07-06.01.46:567][  0]LogConfig: Applying CVar settings from Section [PostProcessQuality@3] File [C:/Users/kbc12206150/Documents/GitHub/Ateam_2023/SummerGJ2023/Saved/Config/Windows/Scalability.ini]
[2023.06.07-06.01.46:567][  0]LogConfig: Setting CVar [[r.MotionBlurQuality:4]]
[2023.06.07-06.01.46:567][  0]LogConfig: Setting CVar [[r.AmbientOcclusionMipLevelFactor:0.4]]
[2023.06.07-06.01.46:567][  0]LogConfig: Setting CVar [[r.AmbientOcclusionMaxQuality:100]]
[2023.06.07-06.01.46:567][  0]LogConfig: Setting CVar [[r.AmbientOcclusionLevels:-1]]
[2023.06.07-06.01.46:567][  0]LogConfig: Setting CVar [[r.AmbientOcclusionRadiusScale:1.0]]
[2023.06.07-06.01.46:567][  0]LogConfig: Setting CVar [[r.DepthOfFieldQuality:2]]
[2023.06.07-06.01.46:567][  0]LogConfig: Setting CVar [[r.RenderTargetPoolMin:400]]
[2023.06.07-06.01.46:567][  0]LogConfig: Setting CVar [[r.LensFlareQuality:2]]
[2023.06.07-06.01.46:567][  0]LogConfig: Setting CVar [[r.SceneColorFringeQuality:1]]
[2023.06.07-06.01.46:567][  0]LogConfig: Setting CVar [[r.EyeAdaptationQuality:2]]
[2023.06.07-06.01.46:567][  0]LogConfig: Setting CVar [[r.BloomQuality:5]]
[2023.06.07-06.01.46:567][  0]LogConfig: Setting CVar [[r.FastBlurThreshold:100]]
[2023.06.07-06.01.46:567][  0]LogConfig: Setting CVar [[r.Upscale.Quality:3]]
[2023.06.07-06.01.46:567][  0]LogConfig: Setting CVar [[r.Tonemapper.GrainQuantization:1]]
[2023.06.07-06.01.46:567][  0]LogConfig: Setting CVar [[r.LightShaftQuality:1]]
[2023.06.07-06.01.46:567][  0]LogConfig: Setting CVar [[r.Filter.SizeScale:1]]
[2023.06.07-06.01.46:567][  0]LogConfig: Setting CVar [[r.Tonemapper.Quality:5]]
[2023.06.07-06.01.46:567][  0]LogConfig: Setting CVar [[r.DOF.Gather.AccumulatorQuality:1        ; higher gathering accumulator quality]]
[2023.06.07-06.01.46:567][  0]LogConfig: Setting CVar [[r.DOF.Gather.PostfilterMethod:1          ; Median3x3 postfilering method]]
[2023.06.07-06.01.46:567][  0]LogConfig: Setting CVar [[r.DOF.Gather.EnableBokehSettings:0       ; no bokeh simulation when gathering]]
[2023.06.07-06.01.46:567][  0]LogConfig: Setting CVar [[r.DOF.Gather.RingCount:4                 ; medium number of samples when gathering]]
[2023.06.07-06.01.46:567][  0]LogConfig: Setting CVar [[r.DOF.Scatter.ForegroundCompositing:1    ; additive foreground scattering]]
[2023.06.07-06.01.46:567][  0]LogConfig: Setting CVar [[r.DOF.Scatter.BackgroundCompositing:2    ; additive background scattering]]
[2023.06.07-06.01.46:567][  0]LogConfig: Setting CVar [[r.DOF.Scatter.EnableBokehSettings:1      ; bokeh simulation when scattering]]
[2023.06.07-06.01.46:567][  0]LogConfig: Setting CVar [[r.DOF.Scatter.MaxSpriteRatio:0.1         ; only a maximum of 10% of scattered bokeh]]
[2023.06.07-06.01.46:567][  0]LogConfig: Setting CVar [[r.DOF.Recombine.Quality:1                ; cheap slight out of focus]]
[2023.06.07-06.01.46:567][  0]LogConfig: Setting CVar [[r.DOF.Recombine.EnableBokehSettings:0    ; no bokeh simulation on slight out of focus]]
[2023.06.07-06.01.46:567][  0]LogConfig: Setting CVar [[r.DOF.TemporalAAQuality:1                ; more stable temporal accumulation]]
[2023.06.07-06.01.46:567][  0]LogConfig: Setting CVar [[r.DOF.Kernel.MaxForegroundRadius:0.025]]
[2023.06.07-06.01.46:567][  0]LogConfig: Setting CVar [[r.DOF.Kernel.MaxBackgroundRadius:0.025]]
[2023.06.07-06.01.46:567][  0]LogConfig: Applying CVar settings from Section [TextureQuality@3] File [C:/Users/kbc12206150/Documents/GitHub/Ateam_2023/SummerGJ2023/Saved/Config/Windows/Scalability.ini]
[2023.06.07-06.01.46:567][  0]LogConfig: Setting CVar [[r.Streaming.MipBias:0]]
[2023.06.07-06.01.46:567][  0]LogConfig: Setting CVar [[r.Streaming.AmortizeCPUToGPUCopy:0]]
[2023.06.07-06.01.46:567][  0]LogConfig: Setting CVar [[r.Streaming.MaxNumTexturesToStreamPerFrame:0]]
[2023.06.07-06.01.46:567][  0]LogConfig: Setting CVar [[r.Streaming.Boost:1]]
[2023.06.07-06.01.46:567][  0]LogConfig: Setting CVar [[r.MaxAnisotropy:8]]
[2023.06.07-06.01.46:567][  0]LogConfig: Setting CVar [[r.VT.MaxAnisotropy:8]]
[2023.06.07-06.01.46:567][  0]LogConfig: Setting CVar [[r.Streaming.LimitPoolSizeToVRAM:0]]
[2023.06.07-06.01.46:567][  0]LogConfig: Setting CVar [[r.Streaming.PoolSize:1000]]
[2023.06.07-06.01.46:567][  0]LogConfig: Setting CVar [[r.Streaming.MaxEffectiveScreenSize:0]]
[2023.06.07-06.01.46:567][  0]LogConfig: Applying CVar settings from Section [EffectsQuality@3] File [C:/Users/kbc12206150/Documents/GitHub/Ateam_2023/SummerGJ2023/Saved/Config/Windows/Scalability.ini]
[2023.06.07-06.01.46:567][  0]LogConfig: Setting CVar [[r.TranslucencyLightingVolumeDim:64]]
[2023.06.07-06.01.46:567][  0]LogConfig: Setting CVar [[r.RefractionQuality:2]]
[2023.06.07-06.01.46:567][  0]LogConfig: Setting CVar [[r.SSR.Quality:3]]
[2023.06.07-06.01.46:567][  0]LogConfig: Setting CVar [[r.SSR.HalfResSceneColor:0]]
[2023.06.07-06.01.46:567][  0]LogConfig: Setting CVar [[r.SceneColorFormat:4]]
[2023.06.07-06.01.46:567][  0]LogConfig: Setting CVar [[r.DetailMode:2]]
[2023.06.07-06.01.46:567][  0]LogConfig: Setting CVar [[r.TranslucencyVolumeBlur:1]]
[2023.06.07-06.01.46:567][  0]LogConfig: Setting CVar [[r.MaterialQualityLevel:1 ; High quality]]
[2023.06.07-06.01.46:567][  0]LogConfig: Setting CVar [[r.AnisotropicMaterials:1]]
[2023.06.07-06.01.46:567][  0]LogConfig: Setting CVar [[r.SSS.Scale:1]]
[2023.06.07-06.01.46:567][  0]LogConfig: Setting CVar [[r.SSS.SampleSet:2]]
[2023.06.07-06.01.46:567][  0]LogConfig: Setting CVar [[r.SSS.Quality:1]]
[2023.06.07-06.01.46:567][  0]LogConfig: Setting CVar [[r.SSS.HalfRes:0]]
[2023.06.07-06.01.46:567][  0]LogConfig: Setting CVar [[r.SSGI.Quality:3]]
[2023.06.07-06.01.46:567][  0]LogConfig: Setting CVar [[r.EmitterSpawnRateScale:1.0]]
[2023.06.07-06.01.46:567][  0]LogConfig: Setting CVar [[r.ParticleLightQuality:2]]
[2023.06.07-06.01.46:567][  0]LogConfig: Setting CVar [[r.SkyAtmosphere.AerialPerspectiveLUT.FastApplyOnOpaque:1 ; Always have FastSkyLUT 1 in this case to avoid wrong sky]]
[2023.06.07-06.01.46:567][  0]LogConfig: Setting CVar [[r.SkyAtmosphere.AerialPerspectiveLUT.SampleCountMaxPerSlice:4]]
[2023.06.07-06.01.46:567][  0]LogConfig: Setting CVar [[r.SkyAtmosphere.AerialPerspectiveLUT.DepthResolution:16.0]]
[2023.06.07-06.01.46:567][  0]LogConfig: Setting CVar [[r.SkyAtmosphere.FastSkyLUT:1]]
[2023.06.07-06.01.46:567][  0]LogConfig: Setting CVar [[r.SkyAtmosphere.FastSkyLUT.SampleCountMin:4.0]]
[2023.06.07-06.01.46:567][  0]LogConfig: Setting CVar [[r.SkyAtmosphere.FastSkyLUT.SampleCountMax:128.0]]
[2023.06.07-06.01.46:567][  0]LogConfig: Setting CVar [[r.SkyAtmosphere.SampleCountMin:4.0]]
[2023.06.07-06.01.46:567][  0]LogConfig: Setting CVar [[r.SkyAtmosphere.SampleCountMax:128.0]]
[2023.06.07-06.01.46:567][  0]LogConfig: Setting CVar [[r.SkyAtmosphere.TransmittanceLUT.UseSmallFormat:0]]
[2023.06.07-06.01.46:567][  0]LogConfig: Setting CVar [[r.SkyAtmosphere.TransmittanceLUT.SampleCount:10.0]]
[2023.06.07-06.01.46:567][  0]LogConfig: Setting CVar [[r.SkyAtmosphere.MultiScatteringLUT.SampleCount:15.0]]
[2023.06.07-06.01.46:567][  0]LogConfig: Setting CVar [[r.SkyLight.RealTimeReflectionCapture:1]]
[2023.06.07-06.01.46:567][  0]LogConfig: Applying CVar settings from Section [FoliageQuality@3] File [C:/Users/kbc12206150/Documents/GitHub/Ateam_2023/SummerGJ2023/Saved/Config/Windows/Scalability.ini]
[2023.06.07-06.01.46:567][  0]LogConfig: Setting CVar [[foliage.DensityScale:1.0]]
[2023.06.07-06.01.46:567][  0]LogConfig: Setting CVar [[grass.DensityScale:1.0]]
[2023.06.07-06.01.46:567][  0]LogConfig: Applying CVar settings from Section [ShadingQuality@3] File [C:/Users/kbc12206150/Documents/GitHub/Ateam_2023/SummerGJ2023/Saved/Config/Windows/Scalability.ini]
[2023.06.07-06.01.46:567][  0]LogConfig: Setting CVar [[r.HairStrands.SkyLighting.IntegrationType:2]]
[2023.06.07-06.01.46:567][  0]LogConfig: Setting CVar [[r.HairStrands.SkyAO.SampleCount:4]]
[2023.06.07-06.01.46:567][  0]LogConfig: Setting CVar [[r.HairStrands.Visibility.MSAA.SamplePerPixel:4]]
[2023.06.07-06.01.46:567][  0]LogConfig: Applying CVar settings from Section [Startup] File [../../../Engine/Config/ConsoleVariables.ini]
[2023.06.07-06.01.46:567][  0]LogConfig: Setting CVar [[net.UseAdaptiveNetUpdateFrequency:0]]
[2023.06.07-06.01.46:567][  0]LogConfig: Setting CVar [[p.chaos.AllowCreatePhysxBodies:1]]
[2023.06.07-06.01.46:567][  0]LogConfig: Setting CVar [[fx.SkipVectorVMBackendOptimizations:1]]
[2023.06.07-06.01.46:567][  0]LogConfig: Applying CVar settings from Section [ConsoleVariables] File [C:/Users/kbc12206150/Documents/GitHub/Ateam_2023/SummerGJ2023/Saved/Config/Windows/Engine.ini]
[2023.06.07-06.01.46:567][  0]LogConfig: Applying CVar settings from Section [ConsoleVariables] File [C:/Users/kbc12206150/Documents/GitHub/Ateam_2023/SummerGJ2023/Saved/Config/Windows/Editor.ini]
[2023.06.07-06.01.46:568][  0]LogInit: Computer: MSI
[2023.06.07-06.01.46:568][  0]LogInit: User: kbc12206150
[2023.06.07-06.01.46:568][  0]LogInit: CPU Page size=4096, Cores=8
[2023.06.07-06.01.46:568][  0]LogInit: High frequency timer resolution =10.000000 MHz
[2023.06.07-06.01.46:568][  0]LogMemory: Memory total: Physical=31.7GB (32GB approx)
[2023.06.07-06.01.46:568][  0]LogMemory: Platform Memory Stats for Windows
[2023.06.07-06.01.46:568][  0]LogMemory: Process Physical Memory: 147.23 MB used, 147.23 MB peak
[2023.06.07-06.01.46:568][  0]LogMemory: Process Virtual Memory: 131.23 MB used, 131.23 MB peak
[2023.06.07-06.01.46:568][  0]LogMemory: Physical Memory: 9330.30 MB used,  23138.82 MB free, 32469.12 MB total
[2023.06.07-06.01.46:568][  0]LogMemory: Virtual Memory: 134191568.00 MB used,  26157.92 MB free, 134217728.00 MB total
[2023.06.07-06.01.46:600][  0]LogWindows: WindowsPlatformFeatures enabled
[2023.06.07-06.01.46:665][  0]LogInit: Physics initialised using underlying interface: PhysX
[2023.06.07-06.01.46:668][  0]LogInit: Using OS detected language (ja-JP).
[2023.06.07-06.01.46:668][  0]LogInit: Using OS detected locale (ja-JP).
[2023.06.07-06.01.46:672][  0]LogTextLocalizationManager: No specific localization for 'ja-JP' exists, so the 'ja' localization will be used.
[2023.06.07-06.01.46:755][  0]LogInit: Setting process to per monitor DPI aware
[2023.06.07-06.01.46:783][  0]LogWindowsTextInputMethodSystem: Display: IME system deactivated.
[2023.06.07-06.01.46:835][  0]LogSlate: New Slate User Created.  User Index 0, Is Virtual User: 0
[2023.06.07-06.01.46:835][  0]LogSlate: Slate User Registered.  User Index 0, Is Virtual User: 0
[2023.06.07-06.01.48:384][  0]LogD3D11RHI: Loaded GFSDK_Aftermath_Lib.x64.dll
[2023.06.07-06.01.48:397][  0]LogHMD: Failed to initialize OpenVR with code 110
[2023.06.07-06.01.48:397][  0]LogD3D11RHI: D3D11 min allowed feature level: 11_0
[2023.06.07-06.01.48:397][  0]LogD3D11RHI: D3D11 max allowed feature level: 11_0
[2023.06.07-06.01.48:397][  0]LogD3D11RHI: D3D11 adapters:
[2023.06.07-06.01.48:581][  0]LogD3D11RHI:    0. 'NVIDIA GeForce RTX 3070 Laptop GPU' (Feature Level 11_0)
[2023.06.07-06.01.48:581][  0]LogD3D11RHI:       8033/0/16234 MB DedicatedVideo/DedicatedSystem/SharedSystem, Outputs:1, VendorId:0x10de
[2023.06.07-06.01.48:625][  0]LogD3D11RHI:    1. 'Intel(R) UHD Graphics' (Feature Level 11_0)
[2023.06.07-06.01.48:625][  0]LogD3D11RHI:       128/0/16234 MB DedicatedVideo/DedicatedSystem/SharedSystem, Outputs:0, VendorId:0x8086
[2023.06.07-06.01.48:627][  0]LogD3D11RHI:    2. 'Microsoft Basic Render Driver' (Feature Level 11_0)
[2023.06.07-06.01.48:627][  0]LogD3D11RHI:       0/0/16234 MB DedicatedVideo/DedicatedSystem/SharedSystem, Outputs:0, VendorId:0x1414
[2023.06.07-06.01.48:627][  0]LogD3D11RHI: Chosen D3D11 Adapter:
[2023.06.07-06.01.48:627][  0]LogD3D11RHI:     Description : NVIDIA GeForce RTX 3070 Laptop GPU
[2023.06.07-06.01.48:627][  0]LogD3D11RHI:     VendorId    : 10de
[2023.06.07-06.01.48:627][  0]LogD3D11RHI:     DeviceId    : 249d
[2023.06.07-06.01.48:627][  0]LogD3D11RHI:     SubSysId    : 12f51462
[2023.06.07-06.01.48:627][  0]LogD3D11RHI:     Revision    : 00a1
[2023.06.07-06.01.48:627][  0]LogD3D11RHI:     DedicatedVideoMemory : 8423211008 bytes
[2023.06.07-06.01.48:627][  0]LogD3D11RHI:     DedicatedSystemMemory : 0 bytes
[2023.06.07-06.01.48:627][  0]LogD3D11RHI:     SharedSystemMemory : 17023172608 bytes
[2023.06.07-06.01.48:627][  0]LogD3D11RHI:     AdapterLuid : 0 73846
[2023.06.07-06.01.48:632][  0]LogD3D11RHI: Creating new Direct3DDevice
[2023.06.07-06.01.48:632][  0]LogD3D11RHI:     GPU DeviceId: 0x249d (for the marketing name, search the web for "GPU Device Id")
[2023.06.07-06.01.48:632][  0]LogWindows: EnumDisplayDevices:
[2023.06.07-06.01.48:632][  0]LogWindows:    0. 'Intel(R) UHD Graphics' (P:1 D:1)
[2023.06.07-06.01.48:632][  0]LogWindows:    1. 'Intel(R) UHD Graphics' (P:0 D:0)
[2023.06.07-06.01.48:632][  0]LogWindows:    2. 'Intel(R) UHD Graphics' (P:0 D:0)
[2023.06.07-06.01.48:633][  0]LogWindows:    3. 'Intel(R) UHD Graphics' (P:0 D:0)
[2023.06.07-06.01.48:633][  0]LogWindows:    4. 'NVIDIA GeForce RTX 3070 Laptop GPU' (P:0 D:0)
[2023.06.07-06.01.48:633][  0]LogWindows:    5. 'NVIDIA GeForce RTX 3070 Laptop GPU' (P:0 D:0)
[2023.06.07-06.01.48:633][  0]LogWindows:    6. 'NVIDIA GeForce RTX 3070 Laptop GPU' (P:0 D:0)
[2023.06.07-06.01.48:634][  0]LogWindows:    7. 'NVIDIA GeForce RTX 3070 Laptop GPU' (P:0 D:0)
[2023.06.07-06.01.48:634][  0]LogWindows: DebugString: PrimaryIsNotTheChoosenAdapter PrimaryIsNotTheChoosenAdapter PrimaryIsNotTheChoosenAdapter PrimaryIsNotTheChoosenAdapter FoundDriverCount:4 
[2023.06.07-06.01.48:634][  0]LogD3D11RHI:     Adapter Name: NVIDIA GeForce RTX 3070 Laptop GPU
[2023.06.07-06.01.48:634][  0]LogD3D11RHI:   Driver Version: 532.03 (internal:31.0.15.3203, unified:532.03)
[2023.06.07-06.01.48:634][  0]LogD3D11RHI:      Driver Date: 5-19-2023
[2023.06.07-06.01.48:634][  0]LogRHI: Texture pool is 5623 MB (70% of 8033 MB)
[2023.06.07-06.01.48:634][  0]LogD3D11RHI: Creating D3DDevice using adapter:
[2023.06.07-06.01.48:634][  0]LogD3D11RHI:     Description : NVIDIA GeForce RTX 3070 Laptop GPU
[2023.06.07-06.01.48:634][  0]LogD3D11RHI:     VendorId    : 10de
[2023.06.07-06.01.48:634][  0]LogD3D11RHI:     DeviceId    : 249d
[2023.06.07-06.01.48:634][  0]LogD3D11RHI:     SubSysId    : 12f51462
[2023.06.07-06.01.48:634][  0]LogD3D11RHI:     Revision    : 00a1
[2023.06.07-06.01.48:634][  0]LogD3D11RHI:     DedicatedVideoMemory : 8423211008 bytes
[2023.06.07-06.01.48:634][  0]LogD3D11RHI:     DedicatedSystemMemory : 0 bytes
[2023.06.07-06.01.48:634][  0]LogD3D11RHI:     SharedSystemMemory : 17023172608 bytes
[2023.06.07-06.01.48:634][  0]LogD3D11RHI:     AdapterLuid : 0 73846
[2023.06.07-06.01.48:716][  0]LogD3D11RHI: RHI has support for 64 bit atomics
[2023.06.07-06.01.48:716][  0]LogD3D11RHI: Async texture creation enabled
[2023.06.07-06.01.48:716][  0]LogD3D11RHI: Array index from any shader is supported
[2023.06.07-06.01.48:746][  0]LogD3D11RHI: GPU Timing Frequency: 1000.000000 (Debug: 2 2)
[2023.06.07-06.01.48:769][  0]LogRHI: GeForceNow SDK initialized: 1
[2023.06.07-06.01.49:061][  0]LogTargetPlatformManager: Display: Loaded TargetPlatform 'AllDesktop'
[2023.06.07-06.01.49:080][  0]LogTargetPlatformManager: Display: Loaded TargetPlatform 'Android'
[2023.06.07-06.01.49:081][  0]LogTargetPlatformManager: Display: Loaded TargetPlatform 'Android_ASTC'
[2023.06.07-06.01.49:081][  0]LogTargetPlatformManager: Display: Loaded TargetPlatform 'Android_DXT'
[2023.06.07-06.01.49:081][  0]LogTargetPlatformManager: Display: Loaded TargetPlatform 'Android_ETC2'
[2023.06.07-06.01.49:081][  0]LogTargetPlatformManager: Display: Loaded TargetPlatform 'AndroidClient'
[2023.06.07-06.01.49:081][  0]LogTargetPlatformManager: Display: Loaded TargetPlatform 'Android_ASTCClient'
[2023.06.07-06.01.49:081][  0]LogTargetPlatformManager: Display: Loaded TargetPlatform 'Android_DXTClient'
[2023.06.07-06.01.49:081][  0]LogTargetPlatformManager: Display: Loaded TargetPlatform 'Android_ETC2Client'
[2023.06.07-06.01.49:081][  0]LogTargetPlatformManager: Display: Loaded TargetPlatform 'Android_Multi'
[2023.06.07-06.01.49:081][  0]LogTargetPlatformManager: Display: Loaded TargetPlatform 'Android_MultiClient'
[2023.06.07-06.01.49:098][  0]LogTargetPlatformManager: Display: Loaded TargetPlatform 'IOSClient'
[2023.06.07-06.01.49:098][  0]LogTargetPlatformManager: Display: Loaded TargetPlatform 'IOS'
[2023.06.07-06.01.49:118][  0]LogTargetPlatformManager: Display: Loaded TargetPlatform 'Linux'
[2023.06.07-06.01.49:123][  0]LogTargetPlatformManager: Display: Loaded TargetPlatform 'LinuxNoEditor'
[2023.06.07-06.01.49:127][  0]LogTargetPlatformManager: Display: Loaded TargetPlatform 'LinuxClient'
[2023.06.07-06.01.49:131][  0]LogTargetPlatformManager: Display: Loaded TargetPlatform 'LinuxServer'
[2023.06.07-06.01.49:145][  0]LogTargetPlatformManager: Display: Loaded TargetPlatform 'LinuxAArch64NoEditor'
[2023.06.07-06.01.49:150][  0]LogTargetPlatformManager: Display: Loaded TargetPlatform 'LinuxAArch64Client'
[2023.06.07-06.01.49:154][  0]LogTargetPlatformManager: Display: Loaded TargetPlatform 'LinuxAArch64Server'
[2023.06.07-06.01.49:180][  0]LogTargetPlatformManager: Display: Loaded TargetPlatform 'Lumin'
[2023.06.07-06.01.49:180][  0]LogTargetPlatformManager: Display: Loaded TargetPlatform 'LuminClient'
[2023.06.07-06.01.49:204][  0]LogTargetPlatformManager: Display: Loaded TargetPlatform 'MacNoEditor'
[2023.06.07-06.01.49:207][  0]LogTargetPlatformManager: Display: Loaded TargetPlatform 'Mac'
[2023.06.07-06.01.49:211][  0]LogTargetPlatformManager: Display: Loaded TargetPlatform 'MacClient'
[2023.06.07-06.01.49:213][  0]LogTargetPlatformManager: Display: Loaded TargetPlatform 'MacServer'
[2023.06.07-06.01.49:221][  0]LogTargetPlatformManager: Display: Loaded TargetPlatform 'TVOSClient'
[2023.06.07-06.01.49:221][  0]LogTargetPlatformManager: Display: Loaded TargetPlatform 'TVOS'
[2023.06.07-06.01.49:229][  0]LogTargetPlatformManager: Display: Loaded TargetPlatform 'WindowsNoEditor'
[2023.06.07-06.01.49:233][  0]LogTargetPlatformManager: Display: Loaded TargetPlatform 'Windows'
[2023.06.07-06.01.49:236][  0]LogTargetPlatformManager: Display: Loaded TargetPlatform 'WindowsClient'
[2023.06.07-06.01.49:239][  0]LogTargetPlatformManager: Display: Loaded TargetPlatform 'WindowsServer'
[2023.06.07-06.01.49:239][  0]LogTargetPlatformManager: Display: Building Assets For Windows
[2023.06.07-06.01.49:246][  0]LogAudioDebug: Display: Lib vorbis DLL was dynamically loaded.
[2023.06.07-06.01.49:321][  0]LogTextureFormatOodle: Display: Oodle Texture 2.9.0 init RDO Off
[2023.06.07-06.01.49:352][  0]LogRendererCore: Ray tracing is disabled. Reason: r.RayTracing=0.
[2023.06.07-06.01.49:352][  0]LogShaderCompilers: Guid format shader working directory is -25 characters bigger than the processId version (../../../../../../Users/kbc12206150/Documents/GitHub/Ateam_2023/SummerGJ2023/Intermediate/Shaders/WorkingDirectory/16012/).
[2023.06.07-06.01.49:352][  0]LogShaderCompilers: Cleaned the shader compiler working directory 'C:/Users/kbc12206150/AppData/Local/Temp/UnrealShaderWorkingDir/2814AD1645CB82B6BD975DB8220A3DC6/'.
[2023.06.07-06.01.49:352][  0]LogXGEController: Cannot use XGE Controller as Incredibuild is not installed on this machine.
[2023.06.07-06.01.49:352][  0]LogShaderCompilers: Cannot use XGE Shader Compiler as Incredibuild is not installed on this machine.
[2023.06.07-06.01.49:352][  0]LogShaderCompilers: Display: Using Local Shader Compiler.
[2023.06.07-06.01.49:972][  0]LogDerivedDataCache: Display: Max Cache Size: 512 MB
[2023.06.07-06.01.50:023][  0]LogDerivedDataCache: Loaded boot cache 0.05s 94MB C:/Users/kbc12206150/AppData/Local/UnrealEngine/4.27/DerivedDataCache/Boot.ddc.
[2023.06.07-06.01.50:023][  0]LogDerivedDataCache: Display: Loaded Boot cache: C:/Users/kbc12206150/AppData/Local/UnrealEngine/4.27/DerivedDataCache/Boot.ddc
[2023.06.07-06.01.50:024][  0]LogDerivedDataCache: FDerivedDataBackendGraph:  Pak pak cache file ../../../../../../Users/kbc12206150/Documents/GitHub/Ateam_2023/SummerGJ2023/DerivedDataCache/DDC.ddp not found, will not use a pak cache.
[2023.06.07-06.01.50:024][  0]LogDerivedDataCache: Unable to find inner node Pak for hierarchical cache Hierarchy.
[2023.06.07-06.01.50:024][  0]LogDerivedDataCache: FDerivedDataBackendGraph:  CompressedPak pak cache file ../../../../../../Users/kbc12206150/Documents/GitHub/Ateam_2023/SummerGJ2023/DerivedDataCache/Compressed.ddp not found, will not use a pak cache.
[2023.06.07-06.01.50:024][  0]LogDerivedDataCache: Unable to find inner node CompressedPak for hierarchical cache Hierarchy.
[2023.06.07-06.01.50:038][  0]LogDerivedDataCache: Display: Pak cache opened for reading ../../../Engine/DerivedDataCache/Compressed.ddp.
[2023.06.07-06.01.50:039][  0]LogDerivedDataCache: FDerivedDataBackendGraph:  EnterprisePak pak cache file ../../../Enterprise/DerivedDataCache/Compressed.ddp not found, will not use a pak cache.
[2023.06.07-06.01.50:039][  0]LogDerivedDataCache: Unable to find inner node EnterprisePak for hierarchical cache Hierarchy.
[2023.06.07-06.01.50:045][  0]LogDerivedDataCache: Speed tests for C:/Users/kbc12206150/AppData/Local/UnrealEngine/Common/DerivedDataCache took 0.01 seconds
[2023.06.07-06.01.50:045][  0]LogDerivedDataCache: Display: Performance to C:/Users/kbc12206150/AppData/Local/UnrealEngine/Common/DerivedDataCache: Latency=0.02ms. RandomReadSpeed=2020.62MBs, RandomWriteSpeed=153.28MBs. Assigned SpeedClass 'Local'
[2023.06.07-06.01.50:046][  0]LogDerivedDataCache: Using Local data cache path C:/Users/kbc12206150/AppData/Local/UnrealEngine/Common/DerivedDataCache: Writable
[2023.06.07-06.01.50:046][  0]LogDerivedDataCache: Shared data cache path not found in *engine.ini, will not use an Shared cache.
[2023.06.07-06.01.50:046][  0]LogDerivedDataCache: Unable to find inner node Shared for hierarchical cache Hierarchy.
[2023.06.07-06.01.50:087][  0]LogSlate: Using FreeType 2.10.0
[2023.06.07-06.01.50:094][  0]LogSlate: SlateFontServices - WITH_FREETYPE: 1, WITH_HARFBUZZ: 1
[2023.06.07-06.01.50:119][  0]LogAssetRegistry: FAssetRegistry took 0.0025 seconds to start up
[2023.06.07-06.01.50:319][  0]LogInit: Selected Device Profile: [Windows]
[2023.06.07-06.01.50:319][  0]LogInit: Active device profile: [000001EC42895100][000001EC376C06C0 49] Windows
[2023.06.07-06.01.50:319][  0]LogInit: Profiles: [000001EC42895100][000001EC376C06C0 49] Windows, [000001EC4384E400][000001EC4182E840 49] WindowsNoEditor, [000001EC42896200][000001EC376C4980 49] WindowsServer, [000001EC4384D600][000001EC41832AC0 49] WindowsClient, [000001EC42895700][000001EC41836C00 49] IOS, [000001EC4384E600][000001EC4183ED40 49] iPadAir, [000001EC42897C00][000001EC41846EC0 49] iPadAir2, [000001EC43669400][000001EC4187B180 49] IPadPro, [000001EC43669500][000001EC418631C0 49] iPadAir3, [000001EC4384F700][000001EC3733D340 49] iPadAir4, [000001EC4366A300][000001EC3F0F34C0 49] iPadMini2, [000001EC4384EE00][000001EC3735D640 49] iPadMini3, [000001EC4366AF00][000001EC373657C0 49] iPadMini4, [000001EC4384DB00][000001EC3FB39940 49] iPadMini5, [000001EC43691000][000001EC43C8BC00 49] iPhone6, [000001EC43691100][000001EC43C860C0 49] iPodTouch6, [000001EC42897900][000001EC3FB44380 49] iPhone7, [000001EC42896900][000001EC3FB3C3C0 49] iPodTouch7, [000001EC43669000][000001EC3FB4C540 49] iPhone5S, [000001EC42896F00][000001EC3FB506C0 49] iPhone6Plus, [000001EC4366B600][000001EC4408C840 49] iPhone6S, [000001EC42894C00][000001EC440909C0 49] iPhone6SPlus, [000001EC42895D00][000001EC44094B40 49] iPhone7Plus, [000001EC43690800][000001EC41842C80 49] iPhoneSE, [000001EC42894400][000001EC3FB7ADC0 49] iPhone8, [000001EC43690900][000001EC3FBB6F00 49] iPhone8Plus, [000001EC43692E00][000001EC3FBC9080 49] iPhoneX, [000001EC43669D00][000001EC3F0BF200 49] iPhoneXS, [000001EC43692700][000001EC3F0C3380 49] iPhoneXSMax, [000001EC43669C00][000001EC3F0C7500 49] iPhoneXR, [000001EC43692800][000001EC3F0EB680 49] iPhone11, [000001EC43668F00][000001EC3F0EF800 49] iPhone11Pro, [000001EC43690B00][000001EC3EFE3980 49] iPhone11ProMax, [000001EC43668D00][000001EC3EFE7B00 49] iPhoneSE2, [000001EC43690E00][000001EC4409C100 49] iPhone12Mini, [000001EC42897800][000001EC3F016280 49] iPhone12, [000001EC43693000][000001EC3F01A400 49] iPhone12Pro, [000001EC42897700][000001EC3F01E580 49] iPhone12ProMax, [000001EC43691E00][000001EC3731C700 49] iPadPro105, [000001EC42895300][000001EC37324880 49] iPadPro129, [000001EC43693E00][000001EC37334A00 49] iPadPro97, [000001EC42895C00][000001EC43DDCB80 49] iPadPro2_129, [000001EC43692000][000001EC43DE4D00 49] iPad5, [000001EC42896300][000001EC3FBC4E40 49] iPad6, [000001EC43693B00][000001EC43DF4F80 49] iPad7, [000001EC42895E00][000001EC43E1B0C0 49] iPad8, [000001EC43690A00][000001EC43B11240 49] iPadPro11, [000001EC42896600][000001EC43C3B3C0 49] iPadPro2_11, [000001EC43690F00][000001EC441B1540 49] iPadPro3_129, [000001EC42896800][000001EC441BF6C0 49] iPadPro4_129, [000001EC43693C00][000001EC441C3840 49] AppleTV, [000001EC42895A00][000001EC441C79C0 49] AppleTV4K, [000001EC43692600][000001EC441CBB40 49] TVOS, [000001EC42896100][000001EC441CE140 49] Mac, [000001EC43692F00][000001EC443562C0 49] MacClient, [000001EC42896A00][000001EC4435A440 49] MacNoEditor, [000001EC43692C00][000001EC3729C5C0 49] MacServer, [000001EC42897000][000001EC372A0740 49] Linux, [000001EC43690400][000001EC372C68C0 49] LinuxAArch64, [000001EC42894700][000001EC372CAA40 49] LinuxNoEditor, [000001EC43693700][000001EC372CEBC0 49] LinuxAArch64NoEditor, [000001EC42897B00][000001EC372D2D40 49] LinuxClient, [000001EC43693400][000001EC372D6EC0 49] LinuxAArch64Client, [000001EC42897E00][000001EC43E2B000 49] LinuxServer, [000001EC43690700][000001EC372DF140 49] LinuxAArch64Server, [000001EC42895F00][000001EC372E3280 49] Android, [000001EC43692A00][000001EC3F0D13C0 49] Android_Low, [000001EC42896D00][000001EC3F0D9540 49] Android_Mid, [000001EC43691F00][000001EC3F0DD6C0 49] Android_High, [000001EC42896B00][000001EC3F0E1840 49] Android_Default, [000001EC43690100][000001EC3F0E59C0 49] Android_Adreno4xx, [000001EC42894500][000001EC3EF75B40 49] Android_Adreno5xx_Low, [000001EC43691400][000001EC372E6140 49] Android_Adreno5xx, [000001EC42897400][000001EC372DA2C0 49] Android_Adreno6xx, [000001EC43692300][000001EC444A6440 49] Android_Adreno6xx_Vulkan, [000001EC42897D00][000001EC444AA5C0 49] Android_Mali_T6xx, [000001EC43690200][000001EC43D76740 49] Android_Mali_T7xx, [000001EC42897600][000001EC43D7A8C0 49] Android_Mali_T8xx, [000001EC43693200][000001EC43D7EA40 49] Android_Mali_G71, [000001EC4366B100][000001EC43D82BC0 49] Android_Mali_G72, [000001EC4384EC00][000001EC43D86D40 49] Android_Mali_G72_Vulkan, [000001EC4366AB00][000001EC43D8AEC0 49] Android_Mali_G76, [000001EC4384C500][000001EC43D8F040 49] Android_Mali_G76_Vulkan, [000001EC43668C00][000001EC3F0D5180 49] Android_Mali_G77, [000001EC4384C600][000001EC43D932C0 49] Android_Mali_G77_Vulkan, [000001EC4366A400][000001EC43D97400 49] Android_Mali_G78, [000001EC4384CD00][000001EC43DAB540 49] Android_Mali_G78_Vulkan, [000001EC4366BD00][000001EC3732D6C0 49] Android_Mali_G710, [000001EC4384E800][000001EC37329840 49] Android_Mali_G710_Vulkan, [000001EC4366AA00][000001EC440999C0 49] Android_Vulkan_SM5, [000001EC4384D700][000001EC37321B40 49] Android_PowerVR_G6xxx, [000001EC43668500][000001EC43D9A140 49] Android_PowerVR_GT7xxx, [000001EC4384C200][000001EC43D9E2C0 49] Android_PowerVR_GE8xxx, [000001EC4366BB00][000001EC43DA2440 49] Android_PowerVR_GM9xxx, [000001EC4384DE00][000001EC43DA65C0 49] Android_PowerVR_GM9xxx_Vulkan, [000001EC43669F00][000001EC3FB7E740 49] Android_TegraK1, [000001EC4384CA00][000001EC3FB828C0 49] Android_Unknown_Vulkan, [000001EC4366B900][000001EC3FB86A40 49] Lumin, [000001EC4384D100][000001EC3FB8ABC0 49] Lumin_Desktop, [000001EC4366A000][000001EC3FB8ED40 49] HoloLens, 
[2023.06.07-06.01.50:426][  0]LogMeshReduction: Using QuadricMeshReduction for automatic static mesh reduction
[2023.06.07-06.01.50:426][  0]LogMeshReduction: Using SimplygonMeshReduction for automatic skeletal mesh reduction
[2023.06.07-06.01.50:426][  0]LogMeshReduction: Using ProxyLODMeshReduction for automatic mesh merging
[2023.06.07-06.01.50:426][  0]LogMeshReduction: No distributed automatic mesh merging module available
[2023.06.07-06.01.50:426][  0]LogMeshMerging: No distributed automatic mesh merging module available
[2023.06.07-06.01.50:442][  0]LogNetVersion: SummerGJ2023 1.0.0, NetCL: 17155196, EngineNetVer: 17, GameNetVer: 0 (Checksum: 2361992904)
[2023.06.07-06.01.50:873][  0]LogTexture: Default maximum texture size for cubemaps generated from long-lat sources has been changed from 512 to unlimited. In order to preserve old behaiour for '/Engine/MapTemplates/Sky/DaylightAmbientCubemap.DaylightAmbientCubemap', its maximum texture size has been explicitly set to 512.
[2023.06.07-06.01.50:931][  0]LogHMD: PokeAHoleMaterial loaded successfully
[2023.06.07-06.01.50:936][  0]LogUObjectArray: 17178 objects as part of root set at end of initial load.
[2023.06.07-06.01.50:936][  0]LogUObjectAllocator: 4302048 out of 0 bytes used by permanent object pool.
[2023.06.07-06.01.50:936][  0]LogUObjectArray: CloseDisregardForGC: 0/0 objects in disregard for GC pool
[2023.06.07-06.01.51:172][  0]LogPython: Using Python 3.7.7
[2023.06.07-06.01.51:668][  0]LogUdpMessaging: Initializing bridge on interface 0.0.0.0:0 to multicast group 230.0.0.1:6666.
[2023.06.07-06.01.51:675][  0]LogTcpMessaging: Initializing TcpMessaging bridge
[2023.06.07-06.01.51:751][  0]LogNiagaraDebuggerClient: Niagara Debugger Client Initialized | Session: 56EEB8E646F3763225F9228943811701 | Instance: 362B05834E9A775876FA239BE969EA7D (MSI-16012).
[2023.06.07-06.01.51:897][  0]SourceControl: ソースコントロールは無効です
[2023.06.07-06.01.51:897][  0]SourceControl: ソースコントロールは無効です
[2023.06.07-06.01.51:900][  0]SourceControl: ソースコントロールは無効です
[2023.06.07-06.01.51:902][  0]SourceControl: ソースコントロールは無効です
[2023.06.07-06.01.51:912][  0]LogUProjectInfo: Found projects:
[2023.06.07-06.01.51:914][  0]SourceControl: ソースコントロールは無効です
[2023.06.07-06.01.52:067][  0]LogOpenImageDenoise: OIDN starting up
[2023.06.07-06.01.52:121][  0]LogAndroidPermission: UAndroidPermissionCallbackProxy::GetInstance
[2023.06.07-06.01.52:135][  0]LogAudioCaptureCore: Display: No Audio Capture implementations found. Audio input will be silent.
[2023.06.07-06.01.52:135][  0]LogAudioCaptureCore: Display: No Audio Capture implementations found. Audio input will be silent.
[2023.06.07-06.01.52:243][  0]LogCollectionManager: Loaded 0 collections in 0.002256 seconds
[2023.06.07-06.01.52:268][  0]LogFileCache: Scanning file cache for directory 'C:/Users/kbc12206150/Documents/GitHub/Ateam_2023/SummerGJ2023/Saved/Collections/' took 0.00s
[2023.06.07-06.01.52:269][  0]LogFileCache: Scanning file cache for directory 'C:/Users/kbc12206150/Documents/GitHub/Ateam_2023/SummerGJ2023/Content/Developers/kbc12206150/Collections/' took 0.00s
[2023.06.07-06.01.52:269][  0]LogFileCache: Scanning file cache for directory 'C:/Users/kbc12206150/Documents/GitHub/Ateam_2023/SummerGJ2023/Content/Collections/' took 0.00s
[2023.06.07-06.01.52:269][  0]LogOcInput: OculusInput pre-init called
[2023.06.07-06.01.52:503][  0]LogEngine: Initializing Engine...
[2023.06.07-06.01.52:506][  0]LogHMD: Failed to enumerate extensions. Please check that you have a valid OpenXR runtime installed.
[2023.06.07-06.01.52:506][  0]LogHMD: Failed to initialize OpenVR with code 110
[2023.06.07-06.01.52:506][  0]LogMagicLeap: Warning: VR disabled because ZI is not enabled.  To enable, in the editor, Edit -> Project Settings -> Plugins -> Magic Leap Plugin -> Enable Zero Iteration
[2023.06.07-06.01.52:506][  0]LogStats: UGameplayTagsManager::InitializeManager -  0.000 s
[2023.06.07-06.01.52:609][  0]LogInit: Initializing FReadOnlyCVARCache
[2023.06.07-06.01.52:617][  0]LogAIModule: Creating AISystem for world Untitled
[2023.06.07-06.01.52:624][  0]LogAudio: Display: Initializing Audio Device Manager...
[2023.06.07-06.01.52:629][  0]LogAudio: Display: Loading Default Audio Settings Objects...
[2023.06.07-06.01.52:629][  0]LogAudio: Display: No default SoundConcurrencyObject specified (or failed to load).
[2023.06.07-06.01.52:630][  0]LogAudio: Display: Audio Device Manager Initialized
[2023.06.07-06.01.52:630][  0]LogAudio: Display: Creating Audio Device:                 Id: 1, Scope: Shared, Realtime: True
[2023.06.07-06.01.52:630][  0]LogAudioMixer: Display: Audio Mixer Platform Settings:
[2023.06.07-06.01.52:630][  0]LogAudioMixer: Display: 	Sample Rate:						  48000
[2023.06.07-06.01.52:630][  0]LogAudioMixer: Display: 	Callback Buffer Frame Size Requested: 1024
[2023.06.07-06.01.52:630][  0]LogAudioMixer: Display: 	Callback Buffer Frame Size To Use:	  1024
[2023.06.07-06.01.52:630][  0]LogAudioMixer: Display: 	Number of buffers to queue:			  2
[2023.06.07-06.01.52:630][  0]LogAudioMixer: Display: 	Max Channels (voices):				  32
[2023.06.07-06.01.52:630][  0]LogAudioMixer: Display: 	Number of Async Source Workers:		  0
[2023.06.07-06.01.52:630][  0]LogAudio: Display: AudioDevice MaxSources: 32
[2023.06.07-06.01.52:630][  0]LogAudio: Display: Audio Spatialization Plugin: None (built-in).
[2023.06.07-06.01.52:630][  0]LogAudio: Display: Audio Reverb Plugin: None (built-in).
[2023.06.07-06.01.52:630][  0]LogAudio: Display: Audio Occlusion Plugin: None (built-in).
[2023.06.07-06.01.52:630][  0]LogAudioMixer: Display: Initializing audio mixer.
[2023.06.07-06.01.52:683][  0]LogAudioMixer: Display: 0: FrontLeft
[2023.06.07-06.01.52:683][  0]LogAudioMixer: Display: 1: FrontRight
[2023.06.07-06.01.52:942][  0]LogAudioMixer: Display: Using Audio Device スピーカー (2- Realtek(R) Audio)
[2023.06.07-06.01.52:946][  0]LogAudioMixer: Display: Initializing Sound Submixes...
[2023.06.07-06.01.52:948][  0]LogAudioMixer: Display: Creating Master Submix 'MasterSubmixDefault'
[2023.06.07-06.01.52:948][  0]LogAudioMixer: Display: Creating Master Submix 'MasterReverbSubmixDefault'
[2023.06.07-06.01.52:949][  0]LogAudioMixer: Display: Creating Master Submix 'MasterEQSubmixDefault'
[2023.06.07-06.01.52:949][  0]LogAudioMixer: FMixerPlatformXAudio2::StartAudioStream() called
[2023.06.07-06.01.52:949][  0]LogAudioMixer: Display: Output buffers initialized: Frames=1024, Channels=2, Samples=2048
[2023.06.07-06.01.52:950][  0]LogAudioMixer: Display: Starting AudioMixerPlatformInterface::RunInternal()
[2023.06.07-06.01.52:950][  0]LogAudioMixer: Display: FMixerPlatformXAudio2::SubmitBuffer() called for the first time
[2023.06.07-06.01.52:950][  0]LogInit: FAudioDevice initialized.
[2023.06.07-06.01.52:951][  0]LogAudio: Display: Audio Device (ID: 1) registered with world 'Untitled'.
[2023.06.07-06.01.52:951][  0]LogNetVersion: Set ProjectVersion to 1.0.0.0. Version Checksum will be recalculated on next use.
[2023.06.07-06.01.53:001][  0]LogDerivedDataCache: Saved boot cache 0.05s 94MB C:/Users/kbc12206150/AppData/Local/UnrealEngine/4.27/DerivedDataCache/Boot.ddc.
[2023.06.07-06.01.53:003][  0]LogInit: Texture streaming: Enabled
[2023.06.07-06.01.53:013][  0]LogAnalytics: Display: [UEEditor.Rocket.Release] APIServer = https://datarouter.ol.epicgames.com/. AppVersion = 4.27.2-18319896+++UE4+Release-4.27
[2023.06.07-06.01.53:016][  0]LogEngineSessionManager: EngineSessionManager initialized
[2023.06.07-06.01.53:016][  0]LogEditorSessionSummary: Verbose: Initializing EditorSessionSummaryWriter for editor session tracking
[2023.06.07-06.01.53:018][  0]LogEditorSessionSummary: EditorSessionSummaryWriter initialized
[2023.06.07-06.01.53:041][  0]LogInit: Transaction tracking system initialized
[2023.06.07-06.01.53:057][  0]BlueprintLog: New page: エディタの読み込み
[2023.06.07-06.01.53:105][  0]LocalizationService: ローカライズのサービスが無効になりました
[2023.06.07-06.01.53:123][  0]TimingProfiler: Initialize
[2023.06.07-06.01.53:123][  0]TimingProfiler: OnSessionChanged
[2023.06.07-06.01.53:123][  0]LoadingProfiler: Initialize
[2023.06.07-06.01.53:123][  0]LoadingProfiler: OnSessionChanged
[2023.06.07-06.01.53:123][  0]NetworkingProfiler: Initialize
[2023.06.07-06.01.53:123][  0]NetworkingProfiler: OnSessionChanged
[2023.06.07-06.01.53:123][  0]MemoryProfiler: Initialize
[2023.06.07-06.01.53:123][  0]MemoryProfiler: OnSessionChanged
[2023.06.07-06.01.53:251][  0]LogCook: Display: CookSettings for Memory: MemoryMaxUsedVirtual 0MiB, MemoryMaxUsedPhysical 16384MiB, MemoryMinFreeVirtual 0MiB, MemoryMinFreePhysical 1024MiB
[2023.06.07-06.01.53:251][  0]LogCook: Display: Mobile HDR setting 1
[2023.06.07-06.01.53:421][  0]LogFileCache: Scanning file cache for directory 'C:/Users/kbc12206150/Documents/GitHub/Ateam_2023/SummerGJ2023/Content/' took 0.01s
[2023.06.07-06.01.53:665][  0]LogInit: Display: Engine is initialized. Leaving FEngineLoop::Init()
[2023.06.07-06.01.53:668][  0]SourceControl: ソースコントロールは無効です
[2023.06.07-06.01.53:669][  0]LogUnrealEdMisc: Loading editor; pre map load, took 8.236
[2023.06.07-06.01.53:669][  0]Cmd: MAP LOAD FILE="../../../../../../Users/kbc12206150/Documents/GitHub/Ateam_2023/SummerGJ2023/Content/FirstPersonBP/Maps/FirstPersonExampleMap.umap" TEMPLATE=0 SHOWPROGRESS=1 FEATURELEVEL=3
[2023.06.07-06.01.53:669][  0]LightingResults: New page: ライティングのビルド
[2023.06.07-06.01.53:671][  0]LogWorld: UWorld::CleanupWorld for Untitled, bSessionEnded=true, bCleanupResources=true
[2023.06.07-06.01.53:671][  0]LogSlate: InvalidateAllWidgets triggered.  All widgets were invalidated
[2023.06.07-06.01.53:671][  0]MapCheck: New page: マップをチェック
[2023.06.07-06.01.53:671][  0]LightingResults: New page: <何も選択されていません>
[2023.06.07-06.01.53:678][  0]LogAudio: Display: Audio Device unregistered from world 'None'.
[2023.06.07-06.01.53:682][  0]LogUObjectHash: Compacting FUObjectHashTables data took   0.56ms
[2023.06.07-06.01.53:891][  0]LogAudio: Display: Audio Device (ID: 1) registered with world 'FirstPersonExampleMap'.
[2023.06.07-06.01.53:892][  0]LogAIModule: Creating AISystem for world FirstPersonExampleMap
[2023.06.07-06.01.53:896][  0]LogSkinnedMeshComp: Warning: GetSocketByName(GripPoint): No SkeletalMesh for Component(Mesh2P) Actor(FirstPersonCharacter_C_1)
[2023.06.07-06.01.53:896][  0]LogSkinnedMeshComp: Warning: GetSocketByName(GripPoint): No SkeletalMesh for Component(Mesh2P) Actor(FirstPersonCharacter_C_1)
[2023.06.07-06.01.53:896][  0]LogSkinnedMeshComp: Warning: GetSocketByName(GripPoint): No SkeletalMesh for Component(Mesh2P) Actor(FirstPersonCharacter_C_1)
[2023.06.07-06.01.53:903][  0]LogSkinnedMeshComp: Warning: GetSocketByName(GripPoint): No SkeletalMesh for Component(Mesh2P) Actor(FirstPersonCharacter_C_1)
[2023.06.07-06.01.53:903][  0]LogSkinnedMeshComp: Warning: GetSocketByName(GripPoint): No SkeletalMesh for Component(Mesh2P) Actor(FirstPersonCharacter_C_1)
[2023.06.07-06.01.53:903][  0]LogSkinnedMeshComp: Warning: GetSocketByName(GripPoint): No SkeletalMesh for Component(Mesh2P) Actor(FirstPersonCharacter_C_1)
[2023.06.07-06.01.53:903][  0]LogSkinnedMeshComp: Warning: GetSocketByName(GripPoint): No SkeletalMesh for Component(Mesh2P) Actor(FirstPersonCharacter_C_1)
[2023.06.07-06.01.53:903][  0]LogSkinnedMeshComp: Warning: GetSocketByName(GripPoint): No SkeletalMesh for Component(Mesh2P) Actor(FirstPersonCharacter_C_1)
[2023.06.07-06.01.53:904][  0]LogEditorServer: Finished looking for orphan Actors (0.000 secs)
[2023.06.07-06.01.53:916][  0]LogUObjectHash: Compacting FUObjectHashTables data took   0.72ms
[2023.06.07-06.01.53:916][  0]Cmd: MAP CHECKDEP NOCLEARLOG
[2023.06.07-06.01.53:916][  0]MapCheck: マップチェックが完了: 0 エラー、 0 警告、完了に 0.148ミリ秒かかりました。
[2023.06.07-06.01.53:916][  0]LogFileHelpers: Loading map 'FirstPersonExampleMap' took 0.248
[2023.06.07-06.01.53:917][  0]LogUnrealEdMisc: Total Editor Startup Time, took 8.486
[2023.06.07-06.01.53:985][  0]LogWindowsTextInputMethodSystem: Display: IME system activated using TSF (Microsoft IME).
[2023.06.07-06.01.54:015][  0]LogSlate: Updating window title bar state: overlay mode, drag disabled, window buttons hidden, title bar hidden
[2023.06.07-06.01.54:022][  0]LogSlate: Updating window title bar state: overlay mode, drag disabled, window buttons hidden, title bar hidden
[2023.06.07-06.01.54:028][  0]LogSlate: Updating window title bar state: overlay mode, drag disabled, window buttons hidden, title bar hidden
[2023.06.07-06.01.54:034][  0]LogSlate: Updating window title bar state: overlay mode, drag disabled, window buttons hidden, title bar hidden
[2023.06.07-06.01.54:042][  0]LogPakFile: PakFile PrimaryIndexSize=187
[2023.06.07-06.01.54:042][  0]LogPakFile: PakFile PathHashIndexSize=101
[2023.06.07-06.01.54:042][  0]LogPakFile: PakFile FullDirectoryIndexSize=148
[2023.06.07-06.01.54:042][  0]LogShaderLibrary: Display: ShaderCodeLibraryPakFileMountedCallback: PakFile 'C:/Program Files/Epic Games/UE_4.27/FeaturePacks/FP_FirstPerson.upack' (chunk index -1, root 'root:/') mounted
[2023.06.07-06.01.54:042][  0]LogShaderLibrary: Display: ShaderCodeLibraryPakFileMountedCallback: pending pak file info (ChunkID:-1 Root:root:/ File:C:/Program Files/Epic Games/UE_4.27/FeaturePacks/FP_FirstPerson.upack)
[2023.06.07-06.01.54:042][  0]LogPakFile: OnPakFileMounted2Time == 0.000041
[2023.06.07-06.01.54:042][  0]LogPakFile: PakFile PrimaryIndexSize=189
[2023.06.07-06.01.54:042][  0]LogPakFile: PakFile PathHashIndexSize=101
[2023.06.07-06.01.54:042][  0]LogPakFile: PakFile FullDirectoryIndexSize=152
[2023.06.07-06.01.54:042][  0]LogShaderLibrary: Display: ShaderCodeLibraryPakFileMountedCallback: PakFile 'C:/Program Files/Epic Games/UE_4.27/FeaturePacks/FP_FirstPersonBP.upack' (chunk index -1, root 'root:/') mounted
[2023.06.07-06.01.54:042][  0]LogShaderLibrary: Display: ShaderCodeLibraryPakFileMountedCallback: pending pak file info (ChunkID:-1 Root:root:/ File:C:/Program Files/Epic Games/UE_4.27/FeaturePacks/FP_FirstPersonBP.upack)
[2023.06.07-06.01.54:042][  0]LogPakFile: OnPakFileMounted2Time == 0.000027
[2023.06.07-06.01.54:043][  0]LogPakFile: PakFile PrimaryIndexSize=191
[2023.06.07-06.01.54:043][  0]LogPakFile: PakFile PathHashIndexSize=101
[2023.06.07-06.01.54:043][  0]LogPakFile: PakFile FullDirectoryIndexSize=160
[2023.06.07-06.01.54:043][  0]LogShaderLibrary: Display: ShaderCodeLibraryPakFileMountedCallback: PakFile 'C:/Program Files/Epic Games/UE_4.27/FeaturePacks/MobileStarterContent.upack' (chunk index -1, root 'root:/') mounted
[2023.06.07-06.01.54:043][  0]LogShaderLibrary: Display: ShaderCodeLibraryPakFileMountedCallback: pending pak file info (ChunkID:-1 Root:root:/ File:C:/Program Files/Epic Games/UE_4.27/FeaturePacks/MobileStarterContent.upack)
[2023.06.07-06.01.54:043][  0]LogPakFile: OnPakFileMounted2Time == 0.000023
[2023.06.07-06.01.54:043][  0]LogPakFile: PakFile PrimaryIndexSize=185
[2023.06.07-06.01.54:043][  0]LogPakFile: PakFile PathHashIndexSize=101
[2023.06.07-06.01.54:043][  0]LogPakFile: PakFile FullDirectoryIndexSize=148
[2023.06.07-06.01.54:043][  0]LogShaderLibrary: Display: ShaderCodeLibraryPakFileMountedCallback: PakFile 'C:/Program Files/Epic Games/UE_4.27/FeaturePacks/StarterContent.upack' (chunk index -1, root 'root:/') mounted
[2023.06.07-06.01.54:043][  0]LogShaderLibrary: Display: ShaderCodeLibraryPakFileMountedCallback: pending pak file info (ChunkID:-1 Root:root:/ File:C:/Program Files/Epic Games/UE_4.27/FeaturePacks/StarterContent.upack)
[2023.06.07-06.01.54:043][  0]LogPakFile: OnPakFileMounted2Time == 0.000025
[2023.06.07-06.01.54:043][  0]LogPakFile: PakFile PrimaryIndexSize=190
[2023.06.07-06.01.54:043][  0]LogPakFile: PakFile PathHashIndexSize=101
[2023.06.07-06.01.54:043][  0]LogPakFile: PakFile FullDirectoryIndexSize=154
[2023.06.07-06.01.54:044][  0]LogShaderLibrary: Display: ShaderCodeLibraryPakFileMountedCallback: PakFile 'C:/Program Files/Epic Games/UE_4.27/FeaturePacks/TP_2DSideScroller.upack' (chunk index -1, root 'root:/') mounted
[2023.06.07-06.01.54:044][  0]LogShaderLibrary: Display: ShaderCodeLibraryPakFileMountedCallback: pending pak file info (ChunkID:-1 Root:root:/ File:C:/Program Files/Epic Games/UE_4.27/FeaturePacks/TP_2DSideScroller.upack)
[2023.06.07-06.01.54:044][  0]LogPakFile: OnPakFileMounted2Time == 0.000057
[2023.06.07-06.01.54:044][  0]LogPakFile: PakFile PrimaryIndexSize=192
[2023.06.07-06.01.54:044][  0]LogPakFile: PakFile PathHashIndexSize=101
[2023.06.07-06.01.54:044][  0]LogPakFile: PakFile FullDirectoryIndexSize=158
[2023.06.07-06.01.54:044][  0]LogShaderLibrary: Display: ShaderCodeLibraryPakFileMountedCallback: PakFile 'C:/Program Files/Epic Games/UE_4.27/FeaturePacks/TP_2DSideScrollerBP.upack' (chunk index -1, root 'root:/') mounted
[2023.06.07-06.01.54:044][  0]LogShaderLibrary: Display: ShaderCodeLibraryPakFileMountedCallback: pending pak file info (ChunkID:-1 Root:root:/ File:C:/Program Files/Epic Games/UE_4.27/FeaturePacks/TP_2DSideScrollerBP.upack)
[2023.06.07-06.01.54:044][  0]LogPakFile: OnPakFileMounted2Time == 0.000028
[2023.06.07-06.01.54:044][  0]LogPakFile: PakFile PrimaryIndexSize=182
[2023.06.07-06.01.54:044][  0]LogPakFile: PakFile PathHashIndexSize=101
[2023.06.07-06.01.54:044][  0]LogPakFile: PakFile FullDirectoryIndexSize=138
[2023.06.07-06.01.54:044][  0]LogShaderLibrary: Display: ShaderCodeLibraryPakFileMountedCallback: PakFile 'C:/Program Files/Epic Games/UE_4.27/FeaturePacks/TP_Flying.upack' (chunk index -1, root 'root:/') mounted
[2023.06.07-06.01.54:044][  0]LogShaderLibrary: Display: ShaderCodeLibraryPakFileMountedCallback: pending pak file info (ChunkID:-1 Root:root:/ File:C:/Program Files/Epic Games/UE_4.27/FeaturePacks/TP_Flying.upack)
[2023.06.07-06.01.54:044][  0]LogPakFile: OnPakFileMounted2Time == 0.000023
[2023.06.07-06.01.54:045][  0]LogPakFile: PakFile PrimaryIndexSize=184
[2023.06.07-06.01.54:045][  0]LogPakFile: PakFile PathHashIndexSize=101
[2023.06.07-06.01.54:045][  0]LogPakFile: PakFile FullDirectoryIndexSize=142
[2023.06.07-06.01.54:045][  0]LogShaderLibrary: Display: ShaderCodeLibraryPakFileMountedCallback: PakFile 'C:/Program Files/Epic Games/UE_4.27/FeaturePacks/TP_FlyingBP.upack' (chunk index -1, root 'root:/') mounted
[2023.06.07-06.01.54:045][  0]LogShaderLibrary: Display: ShaderCodeLibraryPakFileMountedCallback: pending pak file info (ChunkID:-1 Root:root:/ File:C:/Program Files/Epic Games/UE_4.27/FeaturePacks/TP_FlyingBP.upack)
[2023.06.07-06.01.54:045][  0]LogPakFile: OnPakFileMounted2Time == 0.000063
[2023.06.07-06.01.54:046][  0]LogPakFile: PakFile PrimaryIndexSize=188
[2023.06.07-06.01.54:046][  0]LogPakFile: PakFile PathHashIndexSize=101
[2023.06.07-06.01.54:046][  0]LogPakFile: PakFile FullDirectoryIndexSize=150
[2023.06.07-06.01.54:046][  0]LogShaderLibrary: Display: ShaderCodeLibraryPakFileMountedCallback: PakFile 'C:/Program Files/Epic Games/UE_4.27/FeaturePacks/TP_HandheldARBP.upack' (chunk index -1, root 'root:/') mounted
[2023.06.07-06.01.54:046][  0]LogShaderLibrary: Display: ShaderCodeLibraryPakFileMountedCallback: pending pak file info (ChunkID:-1 Root:root:/ File:C:/Program Files/Epic Games/UE_4.27/FeaturePacks/TP_HandheldARBP.upack)
[2023.06.07-06.01.54:046][  0]LogPakFile: OnPakFileMounted2Time == 0.000042
[2023.06.07-06.01.54:046][  0]LogPakFile: PakFile PrimaryIndexSize=182
[2023.06.07-06.01.54:046][  0]LogPakFile: PakFile PathHashIndexSize=101
[2023.06.07-06.01.54:046][  0]LogPakFile: PakFile FullDirectoryIndexSize=138
[2023.06.07-06.01.54:046][  0]LogShaderLibrary: Display: ShaderCodeLibraryPakFileMountedCallback: PakFile 'C:/Program Files/Epic Games/UE_4.27/FeaturePacks/TP_Puzzle.upack' (chunk index -1, root 'root:/') mounted
[2023.06.07-06.01.54:046][  0]LogShaderLibrary: Display: ShaderCodeLibraryPakFileMountedCallback: pending pak file info (ChunkID:-1 Root:root:/ File:C:/Program Files/Epic Games/UE_4.27/FeaturePacks/TP_Puzzle.upack)
[2023.06.07-06.01.54:046][  0]LogPakFile: OnPakFileMounted2Time == 0.000023
[2023.06.07-06.01.54:047][  0]LogPakFile: PakFile PrimaryIndexSize=184
[2023.06.07-06.01.54:047][  0]LogPakFile: PakFile PathHashIndexSize=101
[2023.06.07-06.01.54:047][  0]LogPakFile: PakFile FullDirectoryIndexSize=142
[2023.06.07-06.01.54:047][  0]LogShaderLibrary: Display: ShaderCodeLibraryPakFileMountedCallback: PakFile 'C:/Program Files/Epic Games/UE_4.27/FeaturePacks/TP_PuzzleBP.upack' (chunk index -1, root 'root:/') mounted
[2023.06.07-06.01.54:047][  0]LogShaderLibrary: Display: ShaderCodeLibraryPakFileMountedCallback: pending pak file info (ChunkID:-1 Root:root:/ File:C:/Program Files/Epic Games/UE_4.27/FeaturePacks/TP_PuzzleBP.upack)
[2023.06.07-06.01.54:047][  0]LogPakFile: OnPakFileMounted2Time == 0.000029
[2023.06.07-06.01.54:047][  0]LogPakFile: PakFile PrimaryIndexSize=183
[2023.06.07-06.01.54:047][  0]LogPakFile: PakFile PathHashIndexSize=101
[2023.06.07-06.01.54:047][  0]LogPakFile: PakFile FullDirectoryIndexSize=140
[2023.06.07-06.01.54:047][  0]LogShaderLibrary: Display: ShaderCodeLibraryPakFileMountedCallback: PakFile 'C:/Program Files/Epic Games/UE_4.27/FeaturePacks/TP_Rolling.upack' (chunk index -1, root 'root:/') mounted
[2023.06.07-06.01.54:047][  0]LogShaderLibrary: Display: ShaderCodeLibraryPakFileMountedCallback: pending pak file info (ChunkID:-1 Root:root:/ File:C:/Program Files/Epic Games/UE_4.27/FeaturePacks/TP_Rolling.upack)
[2023.06.07-06.01.54:047][  0]LogPakFile: OnPakFileMounted2Time == 0.000023
[2023.06.07-06.01.54:048][  0]LogPakFile: PakFile PrimaryIndexSize=185
[2023.06.07-06.01.54:048][  0]LogPakFile: PakFile PathHashIndexSize=101
[2023.06.07-06.01.54:048][  0]LogPakFile: PakFile FullDirectoryIndexSize=144
[2023.06.07-06.01.54:048][  0]LogShaderLibrary: Display: ShaderCodeLibraryPakFileMountedCallback: PakFile 'C:/Program Files/Epic Games/UE_4.27/FeaturePacks/TP_RollingBP.upack' (chunk index -1, root 'root:/') mounted
[2023.06.07-06.01.54:048][  0]LogShaderLibrary: Display: ShaderCodeLibraryPakFileMountedCallback: pending pak file info (ChunkID:-1 Root:root:/ File:C:/Program Files/Epic Games/UE_4.27/FeaturePacks/TP_RollingBP.upack)
[2023.06.07-06.01.54:048][  0]LogPakFile: OnPakFileMounted2Time == 0.000037
[2023.06.07-06.01.54:048][  0]LogPakFile: PakFile PrimaryIndexSize=188
[2023.06.07-06.01.54:048][  0]LogPakFile: PakFile PathHashIndexSize=101
[2023.06.07-06.01.54:048][  0]LogPakFile: PakFile FullDirectoryIndexSize=150
[2023.06.07-06.01.54:048][  0]LogShaderLibrary: Display: ShaderCodeLibraryPakFileMountedCallback: PakFile 'C:/Program Files/Epic Games/UE_4.27/FeaturePacks/TP_SideScroller.upack' (chunk index -1, root 'root:/') mounted
[2023.06.07-06.01.54:048][  0]LogShaderLibrary: Display: ShaderCodeLibraryPakFileMountedCallback: pending pak file info (ChunkID:-1 Root:root:/ File:C:/Program Files/Epic Games/UE_4.27/FeaturePacks/TP_SideScroller.upack)
[2023.06.07-06.01.54:048][  0]LogPakFile: OnPakFileMounted2Time == 0.000037
[2023.06.07-06.01.54:049][  0]LogPakFile: PakFile PrimaryIndexSize=190
[2023.06.07-06.01.54:049][  0]LogPakFile: PakFile PathHashIndexSize=101
[2023.06.07-06.01.54:049][  0]LogPakFile: PakFile FullDirectoryIndexSize=154
[2023.06.07-06.01.54:049][  0]LogShaderLibrary: Display: ShaderCodeLibraryPakFileMountedCallback: PakFile 'C:/Program Files/Epic Games/UE_4.27/FeaturePacks/TP_SideScrollerBP.upack' (chunk index -1, root 'root:/') mounted
[2023.06.07-06.01.54:049][  0]LogShaderLibrary: Display: ShaderCodeLibraryPakFileMountedCallback: pending pak file info (ChunkID:-1 Root:root:/ File:C:/Program Files/Epic Games/UE_4.27/FeaturePacks/TP_SideScrollerBP.upack)
[2023.06.07-06.01.54:049][  0]LogPakFile: OnPakFileMounted2Time == 0.000023
[2023.06.07-06.01.54:049][  0]LogPakFile: PakFile PrimaryIndexSize=187
[2023.06.07-06.01.54:049][  0]LogPakFile: PakFile PathHashIndexSize=101
[2023.06.07-06.01.54:049][  0]LogPakFile: PakFile FullDirectoryIndexSize=148
[2023.06.07-06.01.54:049][  0]LogShaderLibrary: Display: ShaderCodeLibraryPakFileMountedCallback: PakFile 'C:/Program Files/Epic Games/UE_4.27/FeaturePacks/TP_ThirdPerson.upack' (chunk index -1, root 'root:/') mounted
[2023.06.07-06.01.54:049][  0]LogShaderLibrary: Display: ShaderCodeLibraryPakFileMountedCallback: pending pak file info (ChunkID:-1 Root:root:/ File:C:/Program Files/Epic Games/UE_4.27/FeaturePacks/TP_ThirdPerson.upack)
[2023.06.07-06.01.54:049][  0]LogPakFile: OnPakFileMounted2Time == 0.000084
[2023.06.07-06.01.54:050][  0]LogPakFile: PakFile PrimaryIndexSize=189
[2023.06.07-06.01.54:050][  0]LogPakFile: PakFile PathHashIndexSize=101
[2023.06.07-06.01.54:050][  0]LogPakFile: PakFile FullDirectoryIndexSize=152
[2023.06.07-06.01.54:050][  0]LogShaderLibrary: Display: ShaderCodeLibraryPakFileMountedCallback: PakFile 'C:/Program Files/Epic Games/UE_4.27/FeaturePacks/TP_ThirdPersonBP.upack' (chunk index -1, root 'root:/') mounted
[2023.06.07-06.01.54:050][  0]LogShaderLibrary: Display: ShaderCodeLibraryPakFileMountedCallback: pending pak file info (ChunkID:-1 Root:root:/ File:C:/Program Files/Epic Games/UE_4.27/FeaturePacks/TP_ThirdPersonBP.upack)
[2023.06.07-06.01.54:050][  0]LogPakFile: OnPakFileMounted2Time == 0.000075
[2023.06.07-06.01.54:051][  0]LogPakFile: PakFile PrimaryIndexSize=183
[2023.06.07-06.01.54:051][  0]LogPakFile: PakFile PathHashIndexSize=101
[2023.06.07-06.01.54:051][  0]LogPakFile: PakFile FullDirectoryIndexSize=140
[2023.06.07-06.01.54:051][  0]LogShaderLibrary: Display: ShaderCodeLibraryPakFileMountedCallback: PakFile 'C:/Program Files/Epic Games/UE_4.27/FeaturePacks/TP_TopDown.upack' (chunk index -1, root 'root:/') mounted
[2023.06.07-06.01.54:051][  0]LogShaderLibrary: Display: ShaderCodeLibraryPakFileMountedCallback: pending pak file info (ChunkID:-1 Root:root:/ File:C:/Program Files/Epic Games/UE_4.27/FeaturePacks/TP_TopDown.upack)
[2023.06.07-06.01.54:051][  0]LogPakFile: OnPakFileMounted2Time == 0.000053
[2023.06.07-06.01.54:051][  0]LogPakFile: PakFile PrimaryIndexSize=185
[2023.06.07-06.01.54:051][  0]LogPakFile: PakFile PathHashIndexSize=101
[2023.06.07-06.01.54:051][  0]LogPakFile: PakFile FullDirectoryIndexSize=144
[2023.06.07-06.01.54:051][  0]LogShaderLibrary: Display: ShaderCodeLibraryPakFileMountedCallback: PakFile 'C:/Program Files/Epic Games/UE_4.27/FeaturePacks/TP_TopDownBP.upack' (chunk index -1, root 'root:/') mounted
[2023.06.07-06.01.54:051][  0]LogShaderLibrary: Display: ShaderCodeLibraryPakFileMountedCallback: pending pak file info (ChunkID:-1 Root:root:/ File:C:/Program Files/Epic Games/UE_4.27/FeaturePacks/TP_TopDownBP.upack)
[2023.06.07-06.01.54:051][  0]LogPakFile: OnPakFileMounted2Time == 0.000022
[2023.06.07-06.01.54:051][  0]LogPakFile: PakFile PrimaryIndexSize=185
[2023.06.07-06.01.54:051][  0]LogPakFile: PakFile PathHashIndexSize=101
[2023.06.07-06.01.54:051][  0]LogPakFile: PakFile FullDirectoryIndexSize=144
[2023.06.07-06.01.54:051][  0]LogShaderLibrary: Display: ShaderCodeLibraryPakFileMountedCallback: PakFile 'C:/Program Files/Epic Games/UE_4.27/FeaturePacks/TP_TwinStick.upack' (chunk index -1, root 'root:/') mounted
[2023.06.07-06.01.54:051][  0]LogShaderLibrary: Display: ShaderCodeLibraryPakFileMountedCallback: pending pak file info (ChunkID:-1 Root:root:/ File:C:/Program Files/Epic Games/UE_4.27/FeaturePacks/TP_TwinStick.upack)
[2023.06.07-06.01.54:051][  0]LogPakFile: OnPakFileMounted2Time == 0.000022
[2023.06.07-06.01.54:052][  0]LogPakFile: PakFile PrimaryIndexSize=187
[2023.06.07-06.01.54:052][  0]LogPakFile: PakFile PathHashIndexSize=101
[2023.06.07-06.01.54:052][  0]LogPakFile: PakFile FullDirectoryIndexSize=148
[2023.06.07-06.01.54:052][  0]LogShaderLibrary: Display: ShaderCodeLibraryPakFileMountedCallback: PakFile 'C:/Program Files/Epic Games/UE_4.27/FeaturePacks/TP_TwinStickBP.upack' (chunk index -1, root 'root:/') mounted
[2023.06.07-06.01.54:052][  0]LogShaderLibrary: Display: ShaderCodeLibraryPakFileMountedCallback: pending pak file info (ChunkID:-1 Root:root:/ File:C:/Program Files/Epic Games/UE_4.27/FeaturePacks/TP_TwinStickBP.upack)
[2023.06.07-06.01.54:052][  0]LogPakFile: OnPakFileMounted2Time == 0.000023
[2023.06.07-06.01.54:052][  0]LogPakFile: PakFile PrimaryIndexSize=183
[2023.06.07-06.01.54:052][  0]LogPakFile: PakFile PathHashIndexSize=101
[2023.06.07-06.01.54:052][  0]LogPakFile: PakFile FullDirectoryIndexSize=140
[2023.06.07-06.01.54:052][  0]LogShaderLibrary: Display: ShaderCodeLibraryPakFileMountedCallback: PakFile 'C:/Program Files/Epic Games/UE_4.27/FeaturePacks/TP_Vehicle.upack' (chunk index -1, root 'root:/') mounted
[2023.06.07-06.01.54:052][  0]LogShaderLibrary: Display: ShaderCodeLibraryPakFileMountedCallback: pending pak file info (ChunkID:-1 Root:root:/ File:C:/Program Files/Epic Games/UE_4.27/FeaturePacks/TP_Vehicle.upack)
[2023.06.07-06.01.54:052][  0]LogPakFile: OnPakFileMounted2Time == 0.000024
[2023.06.07-06.01.54:052][  0]LogPakFile: PakFile PrimaryIndexSize=186
[2023.06.07-06.01.54:052][  0]LogPakFile: PakFile PathHashIndexSize=101
[2023.06.07-06.01.54:052][  0]LogPakFile: PakFile FullDirectoryIndexSize=146
[2023.06.07-06.01.54:053][  0]LogShaderLibrary: Display: ShaderCodeLibraryPakFileMountedCallback: PakFile 'C:/Program Files/Epic Games/UE_4.27/FeaturePacks/TP_VehicleAdv.upack' (chunk index -1, root 'root:/') mounted
[2023.06.07-06.01.54:053][  0]LogShaderLibrary: Display: ShaderCodeLibraryPakFileMountedCallback: pending pak file info (ChunkID:-1 Root:root:/ File:C:/Program Files/Epic Games/UE_4.27/FeaturePacks/TP_VehicleAdv.upack)
[2023.06.07-06.01.54:053][  0]LogPakFile: OnPakFileMounted2Time == 0.000034
[2023.06.07-06.01.54:053][  0]LogPakFile: PakFile PrimaryIndexSize=188
[2023.06.07-06.01.54:053][  0]LogPakFile: PakFile PathHashIndexSize=101
[2023.06.07-06.01.54:053][  0]LogPakFile: PakFile FullDirectoryIndexSize=150
[2023.06.07-06.01.54:053][  0]LogShaderLibrary: Display: ShaderCodeLibraryPakFileMountedCallback: PakFile 'C:/Program Files/Epic Games/UE_4.27/FeaturePacks/TP_VehicleAdvBP.upack' (chunk index -1, root 'root:/') mounted
[2023.06.07-06.01.54:053][  0]LogShaderLibrary: Display: ShaderCodeLibraryPakFileMountedCallback: pending pak file info (ChunkID:-1 Root:root:/ File:C:/Program Files/Epic Games/UE_4.27/FeaturePacks/TP_VehicleAdvBP.upack)
[2023.06.07-06.01.54:053][  0]LogPakFile: OnPakFileMounted2Time == 0.000040
[2023.06.07-06.01.54:054][  0]LogPakFile: PakFile PrimaryIndexSize=185
[2023.06.07-06.01.54:054][  0]LogPakFile: PakFile PathHashIndexSize=101
[2023.06.07-06.01.54:054][  0]LogPakFile: PakFile FullDirectoryIndexSize=144
[2023.06.07-06.01.54:054][  0]LogShaderLibrary: Display: ShaderCodeLibraryPakFileMountedCallback: PakFile 'C:/Program Files/Epic Games/UE_4.27/FeaturePacks/TP_VehicleBP.upack' (chunk index -1, root 'root:/') mounted
[2023.06.07-06.01.54:054][  0]LogShaderLibrary: Display: ShaderCodeLibraryPakFileMountedCallback: pending pak file info (ChunkID:-1 Root:root:/ File:C:/Program Files/Epic Games/UE_4.27/FeaturePacks/TP_VehicleBP.upack)
[2023.06.07-06.01.54:054][  0]LogPakFile: OnPakFileMounted2Time == 0.000022
[2023.06.07-06.01.54:054][  0]LogPakFile: PakFile PrimaryIndexSize=192
[2023.06.07-06.01.54:054][  0]LogPakFile: PakFile PathHashIndexSize=101
[2023.06.07-06.01.54:054][  0]LogPakFile: PakFile FullDirectoryIndexSize=158
[2023.06.07-06.01.54:054][  0]LogShaderLibrary: Display: ShaderCodeLibraryPakFileMountedCallback: PakFile 'C:/Program Files/Epic Games/UE_4.27/FeaturePacks/TP_VirtualRealityBP.upack' (chunk index -1, root 'root:/') mounted
[2023.06.07-06.01.54:054][  0]LogShaderLibrary: Display: ShaderCodeLibraryPakFileMountedCallback: pending pak file info (ChunkID:-1 Root:root:/ File:C:/Program Files/Epic Games/UE_4.27/FeaturePacks/TP_VirtualRealityBP.upack)
[2023.06.07-06.01.54:054][  0]LogPakFile: OnPakFileMounted2Time == 0.000024
[2023.06.07-06.01.54:213][  0]LogSlate: Took 0.000223 seconds to synchronously load lazily loaded font '../../../Engine/Content/Slate/Fonts/Roboto-Regular.ttf' (155K)
[2023.06.07-06.01.54:214][  0]LogSlate: Took 0.000361 seconds to synchronously load lazily loaded font '../../../Engine/Content/Editor/Slate/Fonts/GenEiGothicPro-Regular.otf' (707K)
[2023.06.07-06.01.54:214][  0]LogSlate: Took 0.000098 seconds to synchronously load lazily loaded font '../../../Engine/Content/Editor/Slate/Fonts/FontAwesome.ttf' (139K)
[2023.06.07-06.01.54:217][  0]LogSlate: Took 0.000217 seconds to synchronously load lazily loaded font '../../../Engine/Content/Editor/Slate/Fonts/GenEiGothicPro-Bold.otf' (698K)
[2023.06.07-06.01.54:217][  0]LogSlate: Took 0.000102 seconds to synchronously load lazily loaded font '../../../Engine/Content/Slate/Fonts/Roboto-Bold.ttf' (160K)
[2023.06.07-06.01.54:289][  0]LogRenderer: Reallocating scene render targets to support 800x464 Format 10 NumSamples 1 (Frame:1).
[2023.06.07-06.01.54:350][  0]LogSlate: Took 0.000237 seconds to synchronously load lazily loaded font '../../../Engine/Content/Slate/Fonts/Roboto-Light.ttf' (167K)
[2023.06.07-06.01.54:405][  0]LogLoad: (Engine Initialization) Total time: 8.97 seconds
[2023.06.07-06.01.54:405][  0]LogLoad: (Engine Initialization) Total Blueprint compile time: 0.00 seconds
[2023.06.07-06.01.54:491][  0]LogAssetRegistry: Asset discovery search completed in 4.3729 seconds
[2023.06.07-06.01.54:496][  0]LogCollectionManager: Fixed up redirectors for 0 collections in 0.000003 seconds (updated 0 objects)
[2023.06.07-06.01.54:497][  0]LogContentStreaming: Texture pool size now 1000 MB
[2023.06.07-06.01.54:598][  2]LogNativeClassHierarchy: Verbose: Native class hierarchy populated in 0.0125 seconds. Added 3833 classes and 939 folders.
[2023.06.07-06.01.55:435][ 52]LogSlate: Took 0.000302 seconds to synchronously load lazily loaded font '../../../Engine/Content/Editor/Slate/Fonts/GenEiGothicPro-Light.otf' (713K)
[2023.06.07-06.01.55:435][ 52]LogSlate: Took 0.000088 seconds to synchronously load lazily loaded font '../../../Engine/Content/Slate/Fonts/Roboto-Light.ttf' (167K)
[2023.06.07-06.01.58:306][220]LogAssetEditorSubsystem: Opening Asset editor for Blueprint /Game/BP_Bom.BP_Bom
[2023.06.07-06.01.58:424][220]LogNativeClassHierarchy: Verbose: Native class hierarchy updated for 'BlueprintGraph' in 0.0006 seconds. Added 126 classes and 0 folders.
[2023.06.07-06.01.59:146][220]LogSlate: Took 0.000326 seconds to synchronously load lazily loaded font '../../../Engine/Content/Editor/Slate/Fonts/GenEiGothicPro-SemiBold.otf' (703K)
[2023.06.07-06.01.59:146][220]LogSlate: Took 0.000085 seconds to synchronously load lazily loaded font '../../../Engine/Content/Slate/Fonts/Roboto-BoldCondensed.ttf' (158K)
[2023.06.07-06.01.59:633][248]LogSlate: Took 0.000335 seconds to synchronously load lazily loaded font '../../../Engine/Content/Slate/Fonts/Roboto-Italic.ttf' (157K)
[2023.06.07-06.02.35:382][552]Cmd: OBJ SAVEPACKAGE PACKAGE="/Game/BP_Bom" FILE="../../../../../../Users/kbc12206150/Documents/GitHub/Ateam_2023/SummerGJ2023/Content/BP_Bom.uasset" SILENT=true
[2023.06.07-06.02.35:402][552]LogSavePackage: Moving '../../../../../../Users/kbc12206150/Documents/GitHub/Ateam_2023/SummerGJ2023/Saved/BP_BomB2875A1447F0771AF92A47836EFCA900.tmp' to '../../../../../../Users/kbc12206150/Documents/GitHub/Ateam_2023/SummerGJ2023/Content/BP_Bom.uasset'
[2023.06.07-06.02.35:426][552]AssetCheck: New page: アセット保存：BP_Bom
[2023.06.07-06.02.35:426][552]LogContentValidation: Display: Blueprint /Game/BP_Bom.BP_Bom を検証しています
[2023.06.07-06.02.37:226][656]LogUObjectHash: Compacting FUObjectHashTables data took   2.15ms
[2023.06.07-06.02.37:267][656]LogSavePackage: Moving '../../../../../../Users/kbc12206150/Documents/GitHub/Ateam_2023/SummerGJ2023/Saved/FirstPersonExampleMap7926F1D14F0E400A6ADEE0BDF9CFDC3A.tmp' to '../../../../../../Users/kbc12206150/Documents/GitHub/Ateam_2023/SummerGJ2023/Content/FirstPersonBP/Maps/FirstPersonExampleMap.umap'
[2023.06.07-06.02.37:731][656]LogSavePackage: Moving '../../../../../../Users/kbc12206150/Documents/GitHub/Ateam_2023/SummerGJ2023/Saved/FirstPersonExampleMap_BuiltDataEBE08B8B4C5744DA3BF814B246C04042.tmp' to '../../../../../../Users/kbc12206150/Documents/GitHub/Ateam_2023/SummerGJ2023/Content/FirstPersonBP/Maps/FirstPersonExampleMap_BuiltData.uasset'
[2023.06.07-06.02.37:740][656]AssetCheck: New page: アセット保存：複数のアセット
[2023.06.07-06.02.37:741][656]LogContentValidation: Display: MapBuildDataRegistry /Game/FirstPersonBP/Maps/FirstPersonExampleMap_BuiltData.FirstPersonExampleMap_BuiltData を検証しています
[2023.06.07-06.02.37:741][656]LogContentValidation: Display: World /Game/FirstPersonBP/Maps/FirstPersonExampleMap.FirstPersonExampleMap を検証しています
